{
  "C:\\Users\\Admin\\Downloads\\cj-pos-back-web\\src\\components\\accounting\\close-saleshift\\modal-bypass-branch.tsx": {
    "path": "C:\\Users\\Admin\\Downloads\\cj-pos-back-web\\src\\components\\accounting\\close-saleshift\\modal-bypass-branch.tsx",
    "statementMap": {
      "0": {
        "start": { "line": 1, "column": 0 },
        "end": { "line": 1, "column": 26 }
      },
      "1": {
        "start": { "line": 2, "column": 0 },
        "end": { "line": 2, "column": null }
      },
      "2": {
        "start": { "line": 12, "column": 0 },
        "end": { "line": 12, "column": 54 }
      },
      "3": {
        "start": { "line": 13, "column": 0 },
        "end": { "line": 13, "column": 69 }
      },
      "4": {
        "start": { "line": 14, "column": 0 },
        "end": { "line": 14, "column": 48 }
      },
      "5": {
        "start": { "line": 15, "column": 0 },
        "end": { "line": 15, "column": 53 }
      },
      "6": {
        "start": { "line": 17, "column": 0 },
        "end": { "line": 17, "column": 63 }
      },
      "7": {
        "start": { "line": 18, "column": 0 },
        "end": { "line": 18, "column": 94 }
      },
      "8": {
        "start": { "line": 19, "column": 0 },
        "end": { "line": 19, "column": 52 }
      },
      "9": {
        "start": { "line": 20, "column": 0 },
        "end": { "line": 20, "column": 67 }
      },
      "10": {
        "start": { "line": 29, "column": 0 },
        "end": { "line": 29, "column": 9 }
      },
      "11": {
        "start": { "line": 29, "column": 35 },
        "end": { "line": 29, "column": 37 }
      },
      "12": {
        "start": { "line": 29, "column": 44 },
        "end": { "line": 29, "column": 46 }
      },
      "13": {
        "start": { "line": 29, "column": 56 },
        "end": { "line": 29, "column": 65 }
      },
      "14": {
        "start": { "line": 30, "column": 18 },
        "end": { "line": 30, "column": 29 }
      },
      "15": {
        "start": { "line": 31, "column": 19 },
        "end": { "line": 31, "column": 35 }
      },
      "16": {
        "start": { "line": 32, "column": 30 },
        "end": { "line": 32, "column": 48 }
      },
      "17": {
        "start": { "line": 32, "column": 15 },
        "end": { "line": 32, "column": 17 }
      },
      "18": {
        "start": { "line": 32, "column": 26 },
        "end": { "line": 32, "column": 30 }
      },
      "19": {
        "start": { "line": 33, "column": 42 },
        "end": { "line": 33, "column": 60 }
      },
      "20": {
        "start": { "line": 33, "column": 21 },
        "end": { "line": 33, "column": 23 }
      },
      "21": {
        "start": { "line": 33, "column": 38 },
        "end": { "line": 33, "column": 42 }
      },
      "22": {
        "start": { "line": 34, "column": 32 },
        "end": { "line": 34, "column": 53 }
      },
      "23": {
        "start": { "line": 34, "column": 16 },
        "end": { "line": 34, "column": 18 }
      },
      "24": {
        "start": { "line": 34, "column": 28 },
        "end": { "line": 34, "column": 32 }
      },
      "25": {
        "start": { "line": 35, "column": 50 },
        "end": { "line": 39, "column": 4 }
      },
      "26": {
        "start": { "line": 35, "column": 25 },
        "end": { "line": 35, "column": 27 }
      },
      "27": {
        "start": { "line": 35, "column": 46 },
        "end": { "line": 35, "column": 50 }
      },
      "28": {
        "start": { "line": 40, "column": 28 },
        "end": { "line": 42, "column": 3 }
      },
      "29": {
        "start": { "line": 41, "column": 4 },
        "end": { "line": 41, "column": 64 }
      },
      "30": {
        "start": { "line": 43, "column": 42 },
        "end": { "line": 43, "column": 63 }
      },
      "31": {
        "start": { "line": 43, "column": 21 },
        "end": { "line": 43, "column": 23 }
      },
      "32": {
        "start": { "line": 43, "column": 38 },
        "end": { "line": 43, "column": 42 }
      },
      "33": {
        "start": { "line": 44, "column": 38 },
        "end": { "line": 44, "column": 56 }
      },
      "34": {
        "start": { "line": 44, "column": 19 },
        "end": { "line": 44, "column": 21 }
      },
      "35": {
        "start": { "line": 44, "column": 34 },
        "end": { "line": 44, "column": 38 }
      },
      "36": {
        "start": { "line": 45, "column": 50 },
        "end": { "line": 45, "column": 71 }
      },
      "37": {
        "start": { "line": 45, "column": 25 },
        "end": { "line": 45, "column": 27 }
      },
      "38": {
        "start": { "line": 45, "column": 46 },
        "end": { "line": 45, "column": 50 }
      },
      "39": {
        "start": { "line": 46, "column": 48 },
        "end": { "line": 46, "column": 68 }
      },
      "40": {
        "start": { "line": 46, "column": 24 },
        "end": { "line": 46, "column": 26 }
      },
      "41": {
        "start": { "line": 46, "column": 44 },
        "end": { "line": 46, "column": 48 }
      },
      "42": {
        "start": { "line": 47, "column": 19 },
        "end": { "line": 52, "column": 3 }
      },
      "43": {
        "start": { "line": 48, "column": 4 },
        "end": { "line": 48, "column": 30 }
      },
      "44": {
        "start": { "line": 49, "column": 4 },
        "end": { "line": 49, "column": 30 }
      },
      "45": {
        "start": { "line": 50, "column": 4 },
        "end": { "line": 50, "column": 22 }
      },
      "46": {
        "start": { "line": 51, "column": 4 },
        "end": { "line": 51, "column": 24 }
      },
      "47": {
        "start": { "line": 54, "column": 19 },
        "end": { "line": 84, "column": 4 }
      },
      "48": {
        "start": { "line": 55, "column": 4 },
        "end": { "line": 55, "column": 36 }
      },
      "49": {
        "start": { "line": 56, "column": 8 },
        "end": { "line": 56, "column": 25 }
      },
      "50": {
        "start": { "line": 57, "column": 6 },
        "end": { "line": 57, "column": 50 }
      },
      "51": {
        "start": { "line": 58, "column": 6 },
        "end": { "line": 58, "column": 23 }
      },
      "52": {
        "start": { "line": 60, "column": 12 },
        "end": { "line": 62, "column": 8 }
      },
      "53": {
        "start": { "line": 63, "column": 6 },
        "end": { "line": 81, "column": 11 }
      },
      "54": {
        "start": { "line": 64, "column": 26 },
        "end": { "line": 72, "column": 10 }
      },
      "55": {
        "start": { "line": 65, "column": 10 },
        "end": { "line": 65, "column": 32 }
      },
      "56": {
        "start": { "line": 66, "column": 10 },
        "end": { "line": 66, "column": 36 }
      },
      "57": {
        "start": { "line": 67, "column": 10 },
        "end": { "line": 67, "column": 53 }
      },
      "58": {
        "start": { "line": 68, "column": 10 },
        "end": { "line": 71, "column": 18 }
      },
      "59": {
        "start": { "line": 69, "column": 12 },
        "end": { "line": 69, "column": 22 }
      },
      "60": {
        "start": { "line": 70, "column": 12 },
        "end": { "line": 70, "column": 25 }
      },
      "61": {
        "start": { "line": 74, "column": 10 },
        "end": { "line": 74, "column": 27 }
      },
      "62": {
        "start": { "line": 75, "column": 10 },
        "end": { "line": 75, "column": 41 }
      },
      "63": {
        "start": { "line": 77, "column": 17 },
        "end": { "line": 81, "column": 10 }
      },
      "64": {
        "start": { "line": 78, "column": 16 },
        "end": { "line": 79, "column": 63 }
      },
      "65": {
        "start": { "line": 80, "column": 10 },
        "end": { "line": 80, "column": 71 }
      },
      "66": {
        "start": { "line": 83, "column": 4 },
        "end": { "line": 83, "column": 37 }
      },
      "67": {
        "start": { "line": 86, "column": 2 },
        "end": { "line": 91, "column": 13 }
      },
      "68": {
        "start": { "line": 87, "column": 4 },
        "end": { "line": 87, "column": 18 }
      },
      "69": {
        "start": { "line": 88, "column": 4 },
        "end": { "line": 88, "column": 22 }
      },
      "70": {
        "start": { "line": 89, "column": 4 },
        "end": { "line": 89, "column": 24 }
      },
      "71": {
        "start": { "line": 90, "column": 4 },
        "end": { "line": 90, "column": 29 }
      },
      "72": {
        "start": { "line": 92, "column": 2 },
        "end": { "line": 169, "column": 4 }
      },
      "73": {
        "start": { "line": 163, "column": 23 },
        "end": { "line": 163, "column": null }
      },
      "74": {
        "start": { "line": 172, "column": 0 },
        "end": { "line": 172, "column": 35 }
      }
    },
    "fnMap": {
      "0": {
        "name": "ModalByPassByBranch",
        "decl": {
          "start": { "line": 29, "column": 9 },
          "end": { "line": 29, "column": 28 }
        },
        "loc": {
          "start": { "line": 29, "column": 65 },
          "end": { "line": 170, "column": 1 }
        }
      },
      "1": {
        "name": "(anonymous_23)",
        "decl": {
          "start": { "line": 40, "column": 28 },
          "end": { "line": 40, "column": 29 }
        },
        "loc": {
          "start": { "line": 40, "column": 54 },
          "end": { "line": 42, "column": 3 }
        }
      },
      "2": {
        "name": "(anonymous_24)",
        "decl": {
          "start": { "line": 47, "column": 19 },
          "end": { "line": 47, "column": 20 }
        },
        "loc": {
          "start": { "line": 47, "column": 26 },
          "end": { "line": 52, "column": 3 }
        }
      },
      "3": {
        "name": "(anonymous_25)",
        "decl": {
          "start": { "line": 54, "column": 19 },
          "end": { "line": 54, "column": null }
        },
        "loc": {
          "start": { "line": 54, "column": 19 },
          "end": { "line": 84, "column": 4 }
        }
      },
      "4": {
        "name": "(anonymous_28)",
        "decl": {
          "start": { "line": 64, "column": 14 },
          "end": { "line": 64, "column": 21 }
        },
        "loc": {
          "start": { "line": 64, "column": 26 },
          "end": { "line": 72, "column": 10 }
        }
      },
      "5": {
        "name": "(anonymous_29)",
        "decl": {
          "start": { "line": 64, "column": 26 },
          "end": { "line": 64, "column": null }
        },
        "loc": {
          "start": { "line": 64, "column": 26 },
          "end": { "line": 72, "column": 10 }
        }
      },
      "6": {
        "name": "(anonymous_31)",
        "decl": {
          "start": { "line": 68, "column": 21 },
          "end": { "line": 68, "column": null }
        },
        "loc": {
          "start": { "line": 68, "column": 21 },
          "end": { "line": 71, "column": 11 }
        }
      },
      "7": {
        "name": "(anonymous_32)",
        "decl": {
          "start": { "line": 73, "column": 15 },
          "end": { "line": 73, "column": 16 }
        },
        "loc": {
          "start": { "line": 73, "column": 31 },
          "end": { "line": 76, "column": 9 }
        }
      },
      "8": {
        "name": "(anonymous_33)",
        "decl": {
          "start": { "line": 77, "column": 17 },
          "end": { "line": 77, "column": null }
        },
        "loc": {
          "start": { "line": 77, "column": 17 },
          "end": { "line": 81, "column": 10 }
        }
      },
      "9": {
        "name": "(anonymous_36)",
        "decl": {
          "start": { "line": 86, "column": 18 },
          "end": { "line": 86, "column": null }
        },
        "loc": {
          "start": { "line": 86, "column": 18 },
          "end": { "line": 91, "column": 3 }
        }
      },
      "10": {
        "name": "(anonymous_37)",
        "decl": {
          "start": { "line": 163, "column": 17 },
          "end": { "line": 163, "column": 23 }
        },
        "loc": {
          "start": { "line": 163, "column": 17 },
          "end": { "line": 163, "column": 38 }
        }
      }
    },
    "branchMap": {
      "0": {
        "loc": {
          "start": { "line": 56, "column": 8 },
          "end": { "line": 56, "column": 25 }
        },
        "type": "if",
        "locations": [
          {
            "start": { "line": 56, "column": 8 },
            "end": { "line": 56, "column": 25 }
          },
          {
            "start": { "line": 56, "column": 8 },
            "end": { "line": 56, "column": 25 }
          }
        ]
      },
      "1": {
        "loc": {
          "start": { "line": 133, "column": 13 },
          "end": { "line": 133, "column": 25 }
        },
        "type": "binary-expr",
        "locations": [
          {
            "start": { "line": 133, "column": 13 },
            "end": { "line": 133, "column": 25 }
          },
          {
            "start": { "line": 134, "column": 14 },
            "end": { "line": 140, "column": null }
          }
        ]
      }
    },
    "s": {
      "0": 1,
      "1": 1,
      "2": 1,
      "3": 1,
      "4": 1,
      "5": 1,
      "6": 1,
      "7": 1,
      "8": 1,
      "9": 1,
      "10": 3,
      "11": 3,
      "12": 3,
      "13": 3,
      "14": 3,
      "15": 3,
      "16": 3,
      "17": 3,
      "18": 3,
      "19": 3,
      "20": 3,
      "21": 3,
      "22": 3,
      "23": 3,
      "24": 3,
      "25": 3,
      "26": 3,
      "27": 3,
      "28": 3,
      "29": 0,
      "30": 3,
      "31": 3,
      "32": 3,
      "33": 3,
      "34": 3,
      "35": 3,
      "36": 3,
      "37": 3,
      "38": 3,
      "39": 3,
      "40": 3,
      "41": 3,
      "42": 3,
      "43": 0,
      "44": 0,
      "45": 0,
      "46": 0,
      "47": 3,
      "48": 0,
      "49": 0,
      "50": 0,
      "51": 0,
      "52": 0,
      "53": 0,
      "54": 0,
      "55": 0,
      "56": 0,
      "57": 0,
      "58": 0,
      "59": 0,
      "60": 0,
      "61": 0,
      "62": 0,
      "63": 0,
      "64": 0,
      "65": 0,
      "66": 0,
      "67": 3,
      "68": 3,
      "69": 3,
      "70": 3,
      "71": 3,
      "72": 3,
      "73": 0,
      "74": 1
    },
    "f": {
      "0": 3,
      "1": 0,
      "2": 0,
      "3": 0,
      "4": 0,
      "5": 0,
      "6": 0,
      "7": 0,
      "8": 0,
      "9": 3,
      "10": 0
    },
    "b": { "0": [0, 0], "1": [3, 0] }
  },
  "C:\\Users\\Admin\\Downloads\\cj-pos-back-web\\src\\components\\accounting\\close-saleshift\\modal-close-sale.tsx": {
    "path": "C:\\Users\\Admin\\Downloads\\cj-pos-back-web\\src\\components\\accounting\\close-saleshift\\modal-close-sale.tsx",
    "statementMap": {
      "0": {
        "start": { "line": 1, "column": 0 },
        "end": { "line": 1, "column": null }
      },
      "1": {
        "start": { "line": 12, "column": 0 },
        "end": { "line": 12, "column": 54 }
      },
      "2": {
        "start": { "line": 20, "column": 30 },
        "end": { "line": 20, "column": 32 }
      },
      "3": {
        "start": { "line": 20, "column": 39 },
        "end": { "line": 20, "column": 41 }
      },
      "4": {
        "start": { "line": 20, "column": 53 },
        "end": { "line": 20, "column": 62 }
      },
      "5": {
        "start": { "line": 21, "column": 18 },
        "end": { "line": 21, "column": 29 }
      },
      "6": {
        "start": { "line": 22, "column": 19 },
        "end": { "line": 24, "column": 3 }
      },
      "7": {
        "start": { "line": 23, "column": 4 },
        "end": { "line": 23, "column": 14 }
      },
      "8": {
        "start": { "line": 25, "column": 2 },
        "end": { "line": 67, "column": 4 }
      },
      "9": {
        "start": { "line": 70, "column": 0 },
        "end": { "line": 70, "column": 30 }
      }
    },
    "fnMap": {
      "0": {
        "name": "ModalCloseSale",
        "decl": {
          "start": { "line": 20, "column": 9 },
          "end": { "line": 20, "column": 23 }
        },
        "loc": {
          "start": { "line": 20, "column": 62 },
          "end": { "line": 68, "column": 1 }
        }
      },
      "1": {
        "name": "(anonymous_3)",
        "decl": {
          "start": { "line": 22, "column": 19 },
          "end": { "line": 22, "column": null }
        },
        "loc": {
          "start": { "line": 22, "column": 19 },
          "end": { "line": 24, "column": 3 }
        }
      }
    },
    "branchMap": {},
    "s": {
      "0": 1,
      "1": 1,
      "2": 3,
      "3": 3,
      "4": 3,
      "5": 3,
      "6": 3,
      "7": 1,
      "8": 3,
      "9": 1
    },
    "f": { "0": 3, "1": 1 },
    "b": {}
  },
  "C:\\Users\\Admin\\Downloads\\cj-pos-back-web\\src\\components\\accounting\\close-saleshift\\modal-save-close-shift-key.tsx": {
    "path": "C:\\Users\\Admin\\Downloads\\cj-pos-back-web\\src\\components\\accounting\\close-saleshift\\modal-save-close-shift-key.tsx",
    "statementMap": {
      "0": {
        "start": { "line": 1, "column": 0 },
        "end": { "line": 1, "column": 57 }
      },
      "1": {
        "start": { "line": 2, "column": 0 },
        "end": { "line": 2, "column": 45 }
      },
      "2": {
        "start": { "line": 3, "column": 0 },
        "end": { "line": 3, "column": 51 }
      },
      "3": {
        "start": { "line": 4, "column": 0 },
        "end": { "line": 4, "column": null }
      },
      "4": {
        "start": { "line": 15, "column": 0 },
        "end": { "line": 15, "column": 41 }
      },
      "5": {
        "start": { "line": 16, "column": 0 },
        "end": { "line": 16, "column": 56 }
      },
      "6": {
        "start": { "line": 17, "column": 0 },
        "end": { "line": 17, "column": 43 }
      },
      "7": {
        "start": { "line": 18, "column": 0 },
        "end": { "line": 18, "column": 47 }
      },
      "8": {
        "start": { "line": 21, "column": 0 },
        "end": { "line": 21, "column": 63 }
      },
      "9": {
        "start": { "line": 22, "column": 0 },
        "end": { "line": 22, "column": 77 }
      },
      "10": {
        "start": { "line": 23, "column": 0 },
        "end": { "line": 23, "column": 94 }
      },
      "11": {
        "start": { "line": 24, "column": 0 },
        "end": { "line": 24, "column": 63 }
      },
      "12": {
        "start": { "line": 35, "column": 0 },
        "end": { "line": 35, "column": 24 }
      },
      "13": {
        "start": { "line": 38, "column": 19 },
        "end": { "line": 38, "column": 35 }
      },
      "14": {
        "start": { "line": 40, "column": 37 },
        "end": { "line": 40, "column": 43 }
      },
      "15": {
        "start": { "line": 42, "column": 18 },
        "end": { "line": 42, "column": 29 }
      },
      "16": {
        "start": { "line": 43, "column": 16 },
        "end": { "line": 43, "column": 42 }
      },
      "17": {
        "start": { "line": 46, "column": 32 },
        "end": { "line": 46, "column": 44 }
      },
      "18": {
        "start": { "line": 46, "column": 16 },
        "end": { "line": 46, "column": 18 }
      },
      "19": {
        "start": { "line": 46, "column": 28 },
        "end": { "line": 46, "column": 32 }
      },
      "20": {
        "start": { "line": 47, "column": 36 },
        "end": { "line": 47, "column": 48 }
      },
      "21": {
        "start": { "line": 47, "column": 18 },
        "end": { "line": 47, "column": 20 }
      },
      "22": {
        "start": { "line": 47, "column": 32 },
        "end": { "line": 47, "column": 36 }
      },
      "23": {
        "start": { "line": 48, "column": 44 },
        "end": { "line": 48, "column": 59 }
      },
      "24": {
        "start": { "line": 48, "column": 22 },
        "end": { "line": 48, "column": 24 }
      },
      "25": {
        "start": { "line": 48, "column": 40 },
        "end": { "line": 48, "column": 44 }
      },
      "26": {
        "start": { "line": 49, "column": 50 },
        "end": { "line": 51, "column": 4 }
      },
      "27": {
        "start": { "line": 49, "column": 25 },
        "end": { "line": 49, "column": 27 }
      },
      "28": {
        "start": { "line": 49, "column": 46 },
        "end": { "line": 49, "column": 50 }
      },
      "29": {
        "start": { "line": 52, "column": 28 },
        "end": { "line": 54, "column": 3 }
      },
      "30": {
        "start": { "line": 53, "column": 4 },
        "end": { "line": 53, "column": 64 }
      },
      "31": {
        "start": { "line": 56, "column": 21 },
        "end": { "line": 76, "column": 4 }
      },
      "32": {
        "start": { "line": 57, "column": 8 },
        "end": { "line": 57, "column": 15 }
      },
      "33": {
        "start": { "line": 59, "column": 6 },
        "end": { "line": 59, "column": 38 }
      },
      "34": {
        "start": { "line": 61, "column": 20 },
        "end": { "line": 63, "column": null }
      },
      "35": {
        "start": { "line": 61, "column": 14 },
        "end": { "line": 63, "column": null }
      },
      "36": {
        "start": { "line": 65, "column": 8 },
        "end": { "line": 65, "column": 22 }
      },
      "37": {
        "start": { "line": 67, "column": 8 },
        "end": { "line": 67, "column": 49 }
      },
      "38": {
        "start": { "line": 69, "column": 14 },
        "end": { "line": 70, "column": 61 }
      },
      "39": {
        "start": { "line": 71, "column": 8 },
        "end": { "line": 71, "column": 69 }
      },
      "40": {
        "start": { "line": 73, "column": 8 },
        "end": { "line": 73, "column": 41 }
      },
      "41": {
        "start": { "line": 78, "column": 22 },
        "end": { "line": 82, "column": 3 }
      },
      "42": {
        "start": { "line": 79, "column": 4 },
        "end": { "line": 79, "column": 21 }
      },
      "43": {
        "start": { "line": 80, "column": 4 },
        "end": { "line": 80, "column": 19 }
      },
      "44": {
        "start": { "line": 81, "column": 4 },
        "end": { "line": 81, "column": 14 }
      },
      "45": {
        "start": { "line": 84, "column": 2 },
        "end": { "line": 157, "column": 4 }
      },
      "46": {
        "start": { "line": 122, "column": 18 },
        "end": { "line": 122, "column": null }
      },
      "47": {
        "start": { "line": 124, "column": 33 },
        "end": { "line": 124, "column": null }
      },
      "48": {
        "start": { "line": 160, "column": 31 },
        "end": { "line": 249, "column": 1 }
      },
      "49": {
        "start": { "line": 162, "column": 22 },
        "end": { "line": 162, "column": 28 }
      },
      "50": {
        "start": { "line": 164, "column": 18 },
        "end": { "line": 164, "column": 29 }
      },
      "51": {
        "start": { "line": 166, "column": 32 },
        "end": { "line": 217, "column": 4 }
      },
      "52": {
        "start": { "line": 198, "column": 30 },
        "end": { "line": 202, "column": null }
      },
      "53": {
        "start": { "line": 211, "column": 30 },
        "end": { "line": 215, "column": null }
      },
      "54": {
        "start": { "line": 219, "column": 15 },
        "end": { "line": 228, "column": 4 }
      },
      "55": {
        "start": { "line": 230, "column": 2 },
        "end": { "line": 248, "column": 4 }
      }
    },
    "fnMap": {
      "0": {
        "name": "ModalSaveCloseShiftKey",
        "decl": {
          "start": { "line": 35, "column": 24 },
          "end": { "line": 35, "column": 46 }
        },
        "loc": {
          "start": { "line": 36, "column": 36 },
          "end": { "line": 158, "column": 1 }
        }
      },
      "1": {
        "name": "(anonymous_23)",
        "decl": {
          "start": { "line": 52, "column": 28 },
          "end": { "line": 52, "column": 29 }
        },
        "loc": {
          "start": { "line": 52, "column": 54 },
          "end": { "line": 54, "column": 3 }
        }
      },
      "2": {
        "name": "(anonymous_24)",
        "decl": {
          "start": { "line": 56, "column": 21 },
          "end": { "line": 56, "column": null }
        },
        "loc": {
          "start": { "line": 56, "column": 21 },
          "end": { "line": 76, "column": 4 }
        }
      },
      "3": {
        "name": "(anonymous_27)",
        "decl": {
          "start": { "line": 78, "column": 22 },
          "end": { "line": 78, "column": null }
        },
        "loc": {
          "start": { "line": 78, "column": 22 },
          "end": { "line": 82, "column": 3 }
        }
      },
      "4": {
        "name": "(anonymous_28)",
        "decl": {
          "start": { "line": 121, "column": 28 },
          "end": { "line": 121, "column": 29 }
        },
        "loc": {
          "start": { "line": 121, "column": 30 },
          "end": { "line": 122, "column": 19 }
        }
      },
      "5": {
        "name": "(anonymous_29)",
        "decl": {
          "start": { "line": 124, "column": 26 },
          "end": { "line": 124, "column": 27 }
        },
        "loc": {
          "start": { "line": 124, "column": 28 },
          "end": { "line": 124, "column": 43 }
        }
      },
      "6": {
        "name": "(anonymous_30)",
        "decl": {
          "start": { "line": 160, "column": 31 },
          "end": { "line": 160, "column": 32 }
        },
        "loc": {
          "start": { "line": 160, "column": 66 },
          "end": { "line": 249, "column": 1 }
        }
      },
      "7": {
        "name": "(anonymous_31)",
        "decl": {
          "start": { "line": 198, "column": 18 },
          "end": { "line": 198, "column": 19 }
        },
        "loc": {
          "start": { "line": 198, "column": 25 },
          "end": { "line": 198, "column": null }
        }
      },
      "8": {
        "name": "(anonymous_32)",
        "decl": {
          "start": { "line": 211, "column": 18 },
          "end": { "line": 211, "column": 19 }
        },
        "loc": {
          "start": { "line": 211, "column": 25 },
          "end": { "line": 211, "column": null }
        }
      }
    },
    "branchMap": {
      "0": {
        "loc": {
          "start": { "line": 57, "column": 8 },
          "end": { "line": 57, "column": 15 }
        },
        "type": "if",
        "locations": [
          {
            "start": { "line": 57, "column": 8 },
            "end": { "line": 57, "column": 15 }
          },
          {
            "start": { "line": 57, "column": 8 },
            "end": { "line": 57, "column": 15 }
          }
        ]
      },
      "1": {
        "loc": {
          "start": { "line": 61, "column": 58 },
          "end": { "line": 61, "column": 60 }
        },
        "type": "cond-expr",
        "locations": [
          {
            "start": { "line": 61, "column": 58 },
            "end": { "line": 61, "column": 60 }
          },
          {
            "start": { "line": 61, "column": 51 },
            "end": { "line": 61, "column": 69 }
          }
        ]
      },
      "2": {
        "loc": {
          "start": { "line": 61, "column": 51 },
          "end": { "line": 61, "column": 60 }
        },
        "type": "binary-expr",
        "locations": [
          {
            "start": { "line": 61, "column": 51 },
            "end": { "line": 61, "column": 60 }
          },
          {
            "start": { "line": 61, "column": 51 },
            "end": { "line": 61, "column": 60 }
          }
        ]
      },
      "3": {
        "loc": {
          "start": { "line": 67, "column": 21 },
          "end": { "line": 67, "column": 29 }
        },
        "type": "binary-expr",
        "locations": [
          {
            "start": { "line": 67, "column": 21 },
            "end": { "line": 67, "column": 29 }
          },
          {
            "start": { "line": 67, "column": 33 },
            "end": { "line": 67, "column": 47 }
          }
        ]
      },
      "4": {
        "loc": {
          "start": { "line": 122, "column": 49 },
          "end": { "line": 122, "column": 61 }
        },
        "type": "cond-expr",
        "locations": [
          {
            "start": { "line": 122, "column": 49 },
            "end": { "line": 122, "column": 61 }
          },
          {
            "start": { "line": 122, "column": 64 },
            "end": { "line": 122, "column": 66 }
          }
        ]
      },
      "5": {
        "loc": {
          "start": { "line": 122, "column": 18 },
          "end": { "line": 122, "column": 35 }
        },
        "type": "binary-expr",
        "locations": [
          {
            "start": { "line": 122, "column": 18 },
            "end": { "line": 122, "column": 35 }
          },
          {
            "start": { "line": 122, "column": 39 },
            "end": { "line": 122, "column": 46 }
          }
        ]
      },
      "6": {
        "loc": {
          "start": { "line": 129, "column": 15 },
          "end": { "line": 129, "column": 24 }
        },
        "type": "binary-expr",
        "locations": [
          {
            "start": { "line": 129, "column": 15 },
            "end": { "line": 129, "column": 24 }
          },
          {
            "start": { "line": 130, "column": 16 },
            "end": { "line": 131, "column": null }
          }
        ]
      },
      "7": {
        "loc": {
          "start": { "line": 222, "column": 15 },
          "end": { "line": 222, "column": 31 }
        },
        "type": "binary-expr",
        "locations": [
          {
            "start": { "line": 222, "column": 15 },
            "end": { "line": 222, "column": 31 }
          },
          {
            "start": { "line": 222, "column": 35 },
            "end": { "line": 222, "column": 38 }
          }
        ]
      },
      "8": {
        "loc": {
          "start": { "line": 222, "column": 22 },
          "end": { "line": 222, "column": 24 }
        },
        "type": "cond-expr",
        "locations": [
          {
            "start": { "line": 222, "column": 22 },
            "end": { "line": 222, "column": 24 }
          },
          {
            "start": { "line": 222, "column": 15 },
            "end": { "line": 222, "column": 31 }
          }
        ]
      },
      "9": {
        "loc": {
          "start": { "line": 222, "column": 15 },
          "end": { "line": 222, "column": 24 }
        },
        "type": "binary-expr",
        "locations": [
          {
            "start": { "line": 222, "column": 15 },
            "end": { "line": 222, "column": 24 }
          },
          {
            "start": { "line": 222, "column": 15 },
            "end": { "line": 222, "column": 24 }
          }
        ]
      },
      "10": {
        "loc": {
          "start": { "line": 223, "column": 15 },
          "end": { "line": 223, "column": 31 }
        },
        "type": "binary-expr",
        "locations": [
          {
            "start": { "line": 223, "column": 15 },
            "end": { "line": 223, "column": 31 }
          },
          {
            "start": { "line": 223, "column": 35 },
            "end": { "line": 223, "column": 38 }
          }
        ]
      },
      "11": {
        "loc": {
          "start": { "line": 223, "column": 22 },
          "end": { "line": 223, "column": 24 }
        },
        "type": "cond-expr",
        "locations": [
          {
            "start": { "line": 223, "column": 22 },
            "end": { "line": 223, "column": 24 }
          },
          {
            "start": { "line": 223, "column": 15 },
            "end": { "line": 223, "column": 31 }
          }
        ]
      },
      "12": {
        "loc": {
          "start": { "line": 223, "column": 15 },
          "end": { "line": 223, "column": 24 }
        },
        "type": "binary-expr",
        "locations": [
          {
            "start": { "line": 223, "column": 15 },
            "end": { "line": 223, "column": 24 }
          },
          {
            "start": { "line": 223, "column": 15 },
            "end": { "line": 223, "column": 24 }
          }
        ]
      },
      "13": {
        "loc": {
          "start": { "line": 224, "column": 17 },
          "end": { "line": 224, "column": 35 }
        },
        "type": "binary-expr",
        "locations": [
          {
            "start": { "line": 224, "column": 17 },
            "end": { "line": 224, "column": 35 }
          },
          {
            "start": { "line": 224, "column": 39 },
            "end": { "line": 224, "column": 42 }
          }
        ]
      },
      "14": {
        "loc": {
          "start": { "line": 224, "column": 24 },
          "end": { "line": 224, "column": 26 }
        },
        "type": "cond-expr",
        "locations": [
          {
            "start": { "line": 224, "column": 24 },
            "end": { "line": 224, "column": 26 }
          },
          {
            "start": { "line": 224, "column": 17 },
            "end": { "line": 224, "column": 35 }
          }
        ]
      },
      "15": {
        "loc": {
          "start": { "line": 224, "column": 17 },
          "end": { "line": 224, "column": 26 }
        },
        "type": "binary-expr",
        "locations": [
          {
            "start": { "line": 224, "column": 17 },
            "end": { "line": 224, "column": 26 }
          },
          {
            "start": { "line": 224, "column": 17 },
            "end": { "line": 224, "column": 26 }
          }
        ]
      },
      "16": {
        "loc": {
          "start": { "line": 225, "column": 19 },
          "end": { "line": 225, "column": 39 }
        },
        "type": "binary-expr",
        "locations": [
          {
            "start": { "line": 225, "column": 19 },
            "end": { "line": 225, "column": 39 }
          },
          {
            "start": { "line": 225, "column": 43 },
            "end": { "line": 225, "column": 44 }
          }
        ]
      },
      "17": {
        "loc": {
          "start": { "line": 225, "column": 26 },
          "end": { "line": 225, "column": 28 }
        },
        "type": "cond-expr",
        "locations": [
          {
            "start": { "line": 225, "column": 26 },
            "end": { "line": 225, "column": 28 }
          },
          {
            "start": { "line": 225, "column": 19 },
            "end": { "line": 225, "column": 39 }
          }
        ]
      },
      "18": {
        "loc": {
          "start": { "line": 225, "column": 19 },
          "end": { "line": 225, "column": 28 }
        },
        "type": "binary-expr",
        "locations": [
          {
            "start": { "line": 225, "column": 19 },
            "end": { "line": 225, "column": 28 }
          },
          {
            "start": { "line": 225, "column": 19 },
            "end": { "line": 225, "column": 28 }
          }
        ]
      },
      "19": {
        "loc": {
          "start": { "line": 226, "column": 18 },
          "end": { "line": 226, "column": 37 }
        },
        "type": "binary-expr",
        "locations": [
          {
            "start": { "line": 226, "column": 18 },
            "end": { "line": 226, "column": 37 }
          },
          {
            "start": { "line": 226, "column": 41 },
            "end": { "line": 226, "column": 42 }
          }
        ]
      },
      "20": {
        "loc": {
          "start": { "line": 226, "column": 25 },
          "end": { "line": 226, "column": 27 }
        },
        "type": "cond-expr",
        "locations": [
          {
            "start": { "line": 226, "column": 25 },
            "end": { "line": 226, "column": 27 }
          },
          {
            "start": { "line": 226, "column": 18 },
            "end": { "line": 226, "column": 37 }
          }
        ]
      },
      "21": {
        "loc": {
          "start": { "line": 226, "column": 18 },
          "end": { "line": 226, "column": 27 }
        },
        "type": "binary-expr",
        "locations": [
          {
            "start": { "line": 226, "column": 18 },
            "end": { "line": 226, "column": 27 }
          },
          {
            "start": { "line": 226, "column": 18 },
            "end": { "line": 226, "column": 27 }
          }
        ]
      }
    },
    "s": {
      "0": 1,
      "1": 1,
      "2": 1,
      "3": 1,
      "4": 1,
      "5": 1,
      "6": 1,
      "7": 1,
      "8": 1,
      "9": 1,
      "10": 1,
      "11": 1,
      "12": 13,
      "13": 12,
      "14": 33,
      "15": 11,
      "16": 11,
      "17": 11,
      "18": 11,
      "19": 11,
      "20": 11,
      "21": 11,
      "22": 11,
      "23": 11,
      "24": 11,
      "25": 11,
      "26": 11,
      "27": 11,
      "28": 11,
      "29": 11,
      "30": 2,
      "31": 12,
      "32": 1,
      "33": 1,
      "34": 1,
      "35": 1,
      "36": 0,
      "37": 1,
      "38": 1,
      "39": 2,
      "40": 1,
      "41": 11,
      "42": 1,
      "43": 1,
      "44": 1,
      "45": 11,
      "46": 0,
      "47": 1,
      "48": 1,
      "49": 11,
      "50": 11,
      "51": 11,
      "52": 0,
      "53": 0,
      "54": 11,
      "55": 11
    },
    "f": {
      "0": 12,
      "1": 2,
      "2": 2,
      "3": 1,
      "4": 0,
      "5": 1,
      "6": 11,
      "7": 0,
      "8": 0
    },
    "b": {
      "0": [0, 1],
      "1": [0, 1],
      "2": [1, 1],
      "3": [1, 1],
      "4": [0, 0],
      "5": [0, 0],
      "6": [11, 2],
      "7": [11, 1],
      "8": [1, 10],
      "9": [11, 10],
      "10": [11, 1],
      "11": [1, 10],
      "12": [11, 10],
      "13": [11, 1],
      "14": [1, 10],
      "15": [11, 10],
      "16": [11, 1],
      "17": [1, 10],
      "18": [11, 10],
      "19": [11, 1],
      "20": [1, 10],
      "21": [11, 10]
    }
  },
  "C:\\Users\\Admin\\Downloads\\cj-pos-back-web\\src\\components\\barcode-discount\\modal-check-price.tsx": {
    "path": "C:\\Users\\Admin\\Downloads\\cj-pos-back-web\\src\\components\\barcode-discount\\modal-check-price.tsx",
    "statementMap": {
      "0": {
        "start": { "line": 2, "column": 0 },
        "end": { "line": 2, "column": 42 }
      },
      "1": {
        "start": { "line": 3, "column": 0 },
        "end": { "line": 3, "column": null }
      },
      "2": {
        "start": { "line": 12, "column": 0 },
        "end": { "line": 12, "column": 51 }
      },
      "3": {
        "start": { "line": 13, "column": 0 },
        "end": { "line": 13, "column": 51 }
      },
      "4": {
        "start": { "line": 14, "column": 0 },
        "end": { "line": 14, "column": 51 }
      },
      "5": {
        "start": { "line": 15, "column": 0 },
        "end": { "line": 15, "column": 53 }
      },
      "6": {
        "start": { "line": 16, "column": 0 },
        "end": { "line": 16, "column": 56 }
      },
      "7": {
        "start": { "line": 24, "column": 30 },
        "end": { "line": 93, "column": 2 }
      },
      "8": {
        "start": { "line": 32, "column": 28 },
        "end": { "line": 36, "column": null }
      },
      "9": {
        "start": { "line": 53, "column": 6 },
        "end": { "line": 60, "column": 8 }
      },
      "10": {
        "start": { "line": 71, "column": 6 },
        "end": { "line": 75, "column": 8 }
      },
      "11": {
        "start": { "line": 86, "column": 6 },
        "end": { "line": 90, "column": 8 }
      },
      "12": {
        "start": { "line": 96, "column": 6 },
        "end": { "line": 96, "column": null }
      },
      "13": {
        "start": { "line": 97, "column": 9 },
        "end": { "line": 97, "column": null }
      },
      "14": {
        "start": { "line": 98, "column": 10 },
        "end": { "line": 98, "column": null }
      },
      "15": {
        "start": { "line": 100, "column": 18 },
        "end": { "line": 100, "column": 29 }
      },
      "16": {
        "start": { "line": 101, "column": 25 },
        "end": { "line": 101, "column": 72 }
      },
      "17": {
        "start": { "line": 101, "column": 51 },
        "end": { "line": 101, "column": 72 }
      },
      "18": {
        "start": { "line": 103, "column": 18 },
        "end": { "line": 103, "column": 20 }
      },
      "19": {
        "start": { "line": 104, "column": 2 },
        "end": { "line": 119, "column": null }
      },
      "20": {
        "start": { "line": 105, "column": 4 },
        "end": { "line": 118, "column": 7 }
      },
      "21": {
        "start": { "line": 106, "column": 26 },
        "end": { "line": 107, "column": null }
      },
      "22": {
        "start": { "line": 107, "column": 21 },
        "end": { "line": 107, "column": null }
      },
      "23": {
        "start": { "line": 109, "column": 6 },
        "end": { "line": 117, "column": 8 }
      },
      "24": {
        "start": { "line": 121, "column": 2 },
        "end": { "line": 174, "column": 4 }
      },
      "25": {
        "start": { "line": 95, "column": 0 },
        "end": { "line": 95, "column": 24 }
      }
    },
    "fnMap": {
      "0": {
        "name": "(anonymous_3)",
        "decl": {
          "start": { "line": 32, "column": 16 },
          "end": { "line": 32, "column": 17 }
        },
        "loc": {
          "start": { "line": 32, "column": 23 },
          "end": { "line": 32, "column": null }
        }
      },
      "1": {
        "name": "(anonymous_4)",
        "decl": {
          "start": { "line": 52, "column": 16 },
          "end": { "line": 52, "column": 17 }
        },
        "loc": {
          "start": { "line": 52, "column": 23 },
          "end": { "line": 61, "column": 5 }
        }
      },
      "2": {
        "name": "(anonymous_5)",
        "decl": {
          "start": { "line": 70, "column": 16 },
          "end": { "line": 70, "column": 17 }
        },
        "loc": {
          "start": { "line": 70, "column": 23 },
          "end": { "line": 76, "column": 5 }
        }
      },
      "3": {
        "name": "(anonymous_6)",
        "decl": {
          "start": { "line": 85, "column": 16 },
          "end": { "line": 85, "column": 17 }
        },
        "loc": {
          "start": { "line": 85, "column": 23 },
          "end": { "line": 91, "column": 5 }
        }
      },
      "4": {
        "name": "ModalCheckPrice",
        "decl": {
          "start": { "line": 95, "column": 24 },
          "end": { "line": 95, "column": 39 }
        },
        "loc": {
          "start": { "line": 99, "column": 8 },
          "end": { "line": 175, "column": 1 }
        }
      },
      "5": {
        "name": "(anonymous_8)",
        "decl": {
          "start": { "line": 101, "column": 40 },
          "end": { "line": 101, "column": 41 }
        },
        "loc": {
          "start": { "line": 101, "column": 46 },
          "end": { "line": 101, "column": 56 }
        }
      },
      "6": {
        "name": "(anonymous_9)",
        "decl": {
          "start": { "line": 105, "column": 24 },
          "end": { "line": 105, "column": 25 }
        },
        "loc": {
          "start": { "line": 105, "column": 49 },
          "end": { "line": 118, "column": 5 }
        }
      },
      "7": {
        "name": "(anonymous_10)",
        "decl": {
          "start": { "line": 107, "column": 8 },
          "end": { "line": 107, "column": 9 }
        },
        "loc": {
          "start": { "line": 107, "column": 16 },
          "end": { "line": 107, "column": 23 }
        }
      }
    },
    "branchMap": {
      "0": {
        "loc": {
          "start": { "line": 57, "column": 13 },
          "end": { "line": 57, "column": 31 }
        },
        "type": "binary-expr",
        "locations": [
          {
            "start": { "line": 57, "column": 13 },
            "end": { "line": 57, "column": 31 }
          },
          {
            "start": { "line": 57, "column": 35 },
            "end": { "line": 57, "column": 37 }
          }
        ]
      },
      "1": {
        "loc": {
          "start": { "line": 104, "column": 2 },
          "end": { "line": 119, "column": null }
        },
        "type": "if",
        "locations": [
          {
            "start": { "line": 104, "column": 2 },
            "end": { "line": 119, "column": null }
          },
          {
            "start": { "line": 104, "column": 2 },
            "end": { "line": 119, "column": null }
          }
        ]
      }
    },
    "s": {
      "0": 1,
      "1": 1,
      "2": 1,
      "3": 1,
      "4": 1,
      "5": 1,
      "6": 1,
      "7": 1,
      "8": 2,
      "9": 2,
      "10": 0,
      "11": 0,
      "12": 3,
      "13": 2,
      "14": 2,
      "15": 2,
      "16": 2,
      "17": 2,
      "18": 2,
      "19": 2,
      "20": 2,
      "21": 2,
      "22": 2,
      "23": 2,
      "24": 2,
      "25": 1
    },
    "f": { "0": 2, "1": 2, "2": 0, "3": 0, "4": 3, "5": 2, "6": 2, "7": 2 },
    "b": { "0": [2, 0], "1": [2, 0] }
  },
  "C:\\Users\\Admin\\Downloads\\cj-pos-back-web\\src\\components\\barcode-discount\\modal-check-stock.tsx": {
    "path": "C:\\Users\\Admin\\Downloads\\cj-pos-back-web\\src\\components\\barcode-discount\\modal-check-stock.tsx",
    "statementMap": {
      "0": {
        "start": { "line": 2, "column": 0 },
        "end": { "line": 2, "column": 42 }
      },
      "1": {
        "start": { "line": 3, "column": 0 },
        "end": { "line": 3, "column": 42 }
      },
      "2": {
        "start": { "line": 4, "column": 0 },
        "end": { "line": 4, "column": 56 }
      },
      "3": {
        "start": { "line": 5, "column": 0 },
        "end": { "line": 5, "column": 56 }
      },
      "4": {
        "start": { "line": 6, "column": 0 },
        "end": { "line": 6, "column": 52 }
      },
      "5": {
        "start": { "line": 7, "column": 0 },
        "end": { "line": 7, "column": 50 }
      },
      "6": {
        "start": { "line": 8, "column": 0 },
        "end": { "line": 8, "column": 34 }
      },
      "7": {
        "start": { "line": 9, "column": 0 },
        "end": { "line": 9, "column": 56 }
      },
      "8": {
        "start": { "line": 10, "column": 0 },
        "end": { "line": 10, "column": 51 }
      },
      "9": {
        "start": { "line": 11, "column": 0 },
        "end": { "line": 11, "column": 51 }
      },
      "10": {
        "start": { "line": 12, "column": 0 },
        "end": { "line": 12, "column": 51 }
      },
      "11": {
        "start": { "line": 13, "column": 0 },
        "end": { "line": 13, "column": 53 }
      },
      "12": {
        "start": { "line": 20, "column": 30 },
        "end": { "line": 70, "column": 2 }
      },
      "13": {
        "start": { "line": 43, "column": 6 },
        "end": { "line": 50, "column": 8 }
      },
      "14": {
        "start": { "line": 61, "column": 6 },
        "end": { "line": 67, "column": 8 }
      },
      "15": {
        "start": { "line": 72, "column": 46 },
        "end": { "line": 72, "column": 48 }
      },
      "16": {
        "start": { "line": 72, "column": 55 },
        "end": { "line": 72, "column": 57 }
      },
      "17": {
        "start": { "line": 72, "column": 68 },
        "end": { "line": 72, "column": 77 }
      },
      "18": {
        "start": { "line": 73, "column": 18 },
        "end": { "line": 73, "column": 29 }
      },
      "19": {
        "start": { "line": 74, "column": 22 },
        "end": { "line": 75, "column": null }
      },
      "20": {
        "start": { "line": 75, "column": 15 },
        "end": { "line": 75, "column": null }
      },
      "21": {
        "start": { "line": 77, "column": 18 },
        "end": { "line": 77, "column": 20 }
      },
      "22": {
        "start": { "line": 78, "column": 2 },
        "end": { "line": 89, "column": null }
      },
      "23": {
        "start": { "line": 79, "column": 4 },
        "end": { "line": 88, "column": 7 }
      },
      "24": {
        "start": { "line": 80, "column": 6 },
        "end": { "line": 87, "column": 8 }
      },
      "25": {
        "start": { "line": 90, "column": 22 },
        "end": { "line": 92, "column": 3 }
      },
      "26": {
        "start": { "line": 91, "column": 4 },
        "end": { "line": 91, "column": 14 }
      },
      "27": {
        "start": { "line": 94, "column": 2 },
        "end": { "line": 147, "column": 4 }
      },
      "28": {
        "start": { "line": 72, "column": 0 },
        "end": { "line": 72, "column": 24 }
      }
    },
    "fnMap": {
      "0": {
        "name": "(anonymous_3)",
        "decl": {
          "start": { "line": 42, "column": 16 },
          "end": { "line": 42, "column": 17 }
        },
        "loc": {
          "start": { "line": 42, "column": 23 },
          "end": { "line": 51, "column": 5 }
        }
      },
      "1": {
        "name": "(anonymous_4)",
        "decl": {
          "start": { "line": 60, "column": 16 },
          "end": { "line": 60, "column": 17 }
        },
        "loc": {
          "start": { "line": 60, "column": 23 },
          "end": { "line": 68, "column": 5 }
        }
      },
      "2": {
        "name": "ModalCheckStock",
        "decl": {
          "start": { "line": 72, "column": 24 },
          "end": { "line": 72, "column": 39 }
        },
        "loc": {
          "start": { "line": 72, "column": 77 },
          "end": { "line": 148, "column": 1 }
        }
      },
      "3": {
        "name": "(anonymous_6)",
        "decl": {
          "start": { "line": 75, "column": 4 },
          "end": { "line": 75, "column": 5 }
        },
        "loc": {
          "start": { "line": 75, "column": 10 },
          "end": { "line": 75, "column": 20 }
        }
      },
      "4": {
        "name": "(anonymous_7)",
        "decl": {
          "start": { "line": 79, "column": 27 },
          "end": { "line": 79, "column": 28 }
        },
        "loc": {
          "start": { "line": 79, "column": 52 },
          "end": { "line": 88, "column": 5 }
        }
      },
      "5": {
        "name": "(anonymous_8)",
        "decl": {
          "start": { "line": 90, "column": 22 },
          "end": { "line": 90, "column": null }
        },
        "loc": {
          "start": { "line": 90, "column": 22 },
          "end": { "line": 92, "column": 3 }
        }
      }
    },
    "branchMap": {
      "0": {
        "loc": {
          "start": { "line": 47, "column": 13 },
          "end": { "line": 47, "column": 31 }
        },
        "type": "binary-expr",
        "locations": [
          {
            "start": { "line": 47, "column": 13 },
            "end": { "line": 47, "column": 31 }
          },
          {
            "start": { "line": 47, "column": 35 },
            "end": { "line": 47, "column": 37 }
          }
        ]
      },
      "1": {
        "loc": {
          "start": { "line": 78, "column": 2 },
          "end": { "line": 89, "column": null }
        },
        "type": "if",
        "locations": [
          {
            "start": { "line": 78, "column": 2 },
            "end": { "line": 89, "column": null }
          },
          {
            "start": { "line": 78, "column": 2 },
            "end": { "line": 89, "column": null }
          }
        ]
      },
      "2": {
        "loc": {
          "start": { "line": 78, "column": 6 },
          "end": { "line": 78, "column": 17 }
        },
        "type": "binary-expr",
        "locations": [
          {
            "start": { "line": 78, "column": 6 },
            "end": { "line": 78, "column": 17 }
          },
          {
            "start": { "line": 78, "column": 21 },
            "end": { "line": 78, "column": 43 }
          }
        ]
      }
    },
    "s": {
      "0": 1,
      "1": 1,
      "2": 1,
      "3": 1,
      "4": 1,
      "5": 1,
      "6": 1,
      "7": 1,
      "8": 1,
      "9": 1,
      "10": 1,
      "11": 1,
      "12": 1,
      "13": 2,
      "14": 0,
      "15": 2,
      "16": 2,
      "17": 2,
      "18": 2,
      "19": 2,
      "20": 2,
      "21": 2,
      "22": 2,
      "23": 2,
      "24": 2,
      "25": 2,
      "26": 1,
      "27": 2,
      "28": 1
    },
    "f": { "0": 2, "1": 0, "2": 2, "3": 2, "4": 2, "5": 1 },
    "b": { "0": [2, 0], "1": [2, 0], "2": [2, 2] }
  },
  "C:\\Users\\Admin\\Downloads\\cj-pos-back-web\\src\\components\\barcode-discount\\modal-confirm.tsx": {
    "path": "C:\\Users\\Admin\\Downloads\\cj-pos-back-web\\src\\components\\barcode-discount\\modal-confirm.tsx",
    "statementMap": {
      "0": {
        "start": { "line": 1, "column": 0 },
        "end": { "line": 1, "column": 44 }
      },
      "1": {
        "start": { "line": 2, "column": 0 },
        "end": { "line": 2, "column": 42 }
      },
      "2": {
        "start": { "line": 3, "column": 0 },
        "end": { "line": 3, "column": 42 }
      },
      "3": {
        "start": { "line": 4, "column": 0 },
        "end": { "line": 4, "column": 56 }
      },
      "4": {
        "start": { "line": 5, "column": 0 },
        "end": { "line": 5, "column": 56 }
      },
      "5": {
        "start": { "line": 6, "column": 0 },
        "end": { "line": 6, "column": 64 }
      },
      "6": {
        "start": { "line": 7, "column": 0 },
        "end": { "line": 7, "column": 50 }
      },
      "7": {
        "start": { "line": 8, "column": 0 },
        "end": { "line": 8, "column": 55 }
      },
      "8": {
        "start": { "line": 22, "column": 0 },
        "end": { "line": 22, "column": 24 }
      },
      "9": {
        "start": { "line": 23, "column": 6 },
        "end": { "line": 23, "column": null }
      },
      "10": {
        "start": { "line": 24, "column": 9 },
        "end": { "line": 24, "column": null }
      },
      "11": {
        "start": { "line": 25, "column": 11 },
        "end": { "line": 25, "column": null }
      },
      "12": {
        "start": { "line": 26, "column": 9 },
        "end": { "line": 26, "column": null }
      },
      "13": {
        "start": { "line": 27, "column": 13 },
        "end": { "line": 27, "column": null }
      },
      "14": {
        "start": { "line": 28, "column": 15 },
        "end": { "line": 28, "column": null }
      },
      "15": {
        "start": { "line": 31, "column": 4 },
        "end": { "line": 33, "column": 6 }
      },
      "16": {
        "start": { "line": 30, "column": 25 },
        "end": { "line": 30, "column": 27 }
      },
      "17": {
        "start": { "line": 30, "column": 46 },
        "end": { "line": 30, "column": null }
      },
      "18": {
        "start": { "line": 35, "column": 28 },
        "end": { "line": 37, "column": 3 }
      },
      "19": {
        "start": { "line": 36, "column": 4 },
        "end": { "line": 36, "column": 64 }
      },
      "20": {
        "start": { "line": 39, "column": 24 },
        "end": { "line": 44, "column": 4 }
      },
      "21": {
        "start": { "line": 40, "column": 4 },
        "end": { "line": 40, "column": 36 }
      },
      "22": {
        "start": { "line": 41, "column": 4 },
        "end": { "line": 41, "column": 22 }
      },
      "23": {
        "start": { "line": 42, "column": 4 },
        "end": { "line": 42, "column": 37 }
      },
      "24": {
        "start": { "line": 43, "column": 4 },
        "end": { "line": 43, "column": 14 }
      },
      "25": {
        "start": { "line": 46, "column": 2 },
        "end": { "line": 107, "column": 4 }
      }
    },
    "fnMap": {
      "0": {
        "name": "ModelConfirm",
        "decl": {
          "start": { "line": 22, "column": 24 },
          "end": { "line": 22, "column": 36 }
        },
        "loc": {
          "start": { "line": 29, "column": 8 },
          "end": { "line": 108, "column": 1 }
        }
      },
      "1": {
        "name": "(anonymous_17)",
        "decl": {
          "start": { "line": 35, "column": 28 },
          "end": { "line": 35, "column": 29 }
        },
        "loc": {
          "start": { "line": 35, "column": 54 },
          "end": { "line": 37, "column": 3 }
        }
      },
      "2": {
        "name": "(anonymous_18)",
        "decl": {
          "start": { "line": 39, "column": 24 },
          "end": { "line": 39, "column": null }
        },
        "loc": {
          "start": { "line": 39, "column": 24 },
          "end": { "line": 44, "column": 4 }
        }
      }
    },
    "branchMap": {
      "0": {
        "loc": {
          "start": { "line": 63, "column": 13 },
          "end": { "line": 63, "column": 22 }
        },
        "type": "binary-expr",
        "locations": [
          {
            "start": { "line": 63, "column": 13 },
            "end": { "line": 63, "column": 22 }
          },
          {
            "start": { "line": 64, "column": 14 },
            "end": { "line": 77, "column": null }
          }
        ]
      }
    },
    "s": {
      "0": 1,
      "1": 1,
      "2": 1,
      "3": 1,
      "4": 1,
      "5": 1,
      "6": 1,
      "7": 1,
      "8": 6,
      "9": 5,
      "10": 4,
      "11": 4,
      "12": 4,
      "13": 4,
      "14": 4,
      "15": 4,
      "16": 4,
      "17": 4,
      "18": 4,
      "19": 2,
      "20": 5,
      "21": 1,
      "22": 2,
      "23": 1,
      "24": 1,
      "25": 4
    },
    "f": { "0": 5, "1": 2, "2": 2 },
    "b": { "0": [4, 4] }
  },
  "C:\\Users\\Admin\\Downloads\\cj-pos-back-web\\src\\components\\barcode-discount\\modal-reject.tsx": {
    "path": "C:\\Users\\Admin\\Downloads\\cj-pos-back-web\\src\\components\\barcode-discount\\modal-reject.tsx",
    "statementMap": {
      "0": {
        "start": { "line": 1, "column": 0 },
        "end": { "line": 1, "column": 65 }
      },
      "1": {
        "start": { "line": 2, "column": 0 },
        "end": { "line": 2, "column": 42 }
      },
      "2": {
        "start": { "line": 3, "column": 0 },
        "end": { "line": 3, "column": 42 }
      },
      "3": {
        "start": { "line": 4, "column": 0 },
        "end": { "line": 4, "column": 56 }
      },
      "4": {
        "start": { "line": 5, "column": 0 },
        "end": { "line": 5, "column": 56 }
      },
      "5": {
        "start": { "line": 6, "column": 0 },
        "end": { "line": 6, "column": 64 }
      },
      "6": {
        "start": { "line": 7, "column": 0 },
        "end": { "line": 7, "column": 50 }
      },
      "7": {
        "start": { "line": 8, "column": 0 },
        "end": { "line": 8, "column": 36 }
      },
      "8": {
        "start": { "line": 9, "column": 0 },
        "end": { "line": 9, "column": 67 }
      },
      "9": {
        "start": { "line": 10, "column": 0 },
        "end": { "line": 10, "column": 54 }
      },
      "10": {
        "start": { "line": 11, "column": 0 },
        "end": { "line": 11, "column": 72 }
      },
      "11": {
        "start": { "line": 12, "column": 0 },
        "end": { "line": 12, "column": 77 }
      },
      "12": {
        "start": { "line": 13, "column": 0 },
        "end": { "line": 13, "column": 56 }
      },
      "13": {
        "start": { "line": 14, "column": 0 },
        "end": { "line": 14, "column": 59 }
      },
      "14": {
        "start": { "line": 23, "column": 0 },
        "end": { "line": 23, "column": 24 }
      },
      "15": {
        "start": { "line": 24, "column": 6 },
        "end": { "line": 24, "column": null }
      },
      "16": {
        "start": { "line": 25, "column": 9 },
        "end": { "line": 25, "column": null }
      },
      "17": {
        "start": { "line": 26, "column": 9 },
        "end": { "line": 26, "column": null }
      },
      "18": {
        "start": { "line": 27, "column": 4 },
        "end": { "line": 27, "column": null }
      },
      "19": {
        "start": { "line": 29, "column": 19 },
        "end": { "line": 29, "column": 35 }
      },
      "20": {
        "start": { "line": 30, "column": 24 },
        "end": { "line": 31, "column": null }
      },
      "21": {
        "start": { "line": 31, "column": 15 },
        "end": { "line": 31, "column": null }
      },
      "22": {
        "start": { "line": 33, "column": 21 },
        "end": { "line": 34, "column": null }
      },
      "23": {
        "start": { "line": 34, "column": 15 },
        "end": { "line": 34, "column": null }
      },
      "24": {
        "start": { "line": 36, "column": 30 },
        "end": { "line": 36, "column": 42 }
      },
      "25": {
        "start": { "line": 36, "column": 15 },
        "end": { "line": 36, "column": 17 }
      },
      "26": {
        "start": { "line": 36, "column": 26 },
        "end": { "line": 36, "column": 30 }
      },
      "27": {
        "start": { "line": 37, "column": 28 },
        "end": { "line": 37, "column": 40 }
      },
      "28": {
        "start": { "line": 37, "column": 14 },
        "end": { "line": 37, "column": 16 }
      },
      "29": {
        "start": { "line": 37, "column": 24 },
        "end": { "line": 37, "column": 28 }
      },
      "30": {
        "start": { "line": 38, "column": 23 },
        "end": { "line": 42, "column": 4 }
      },
      "31": {
        "start": { "line": 39, "column": 4 },
        "end": { "line": 39, "column": 18 }
      },
      "32": {
        "start": { "line": 40, "column": 4 },
        "end": { "line": 40, "column": 17 }
      },
      "33": {
        "start": { "line": 41, "column": 4 },
        "end": { "line": 41, "column": 19 }
      },
      "34": {
        "start": { "line": 43, "column": 24 },
        "end": { "line": 58, "column": 4 }
      },
      "35": {
        "start": { "line": 44, "column": 4 },
        "end": { "line": 47, "column": null }
      },
      "36": {
        "start": { "line": 45, "column": 6 },
        "end": { "line": 45, "column": 38 }
      },
      "37": {
        "start": { "line": 46, "column": 6 },
        "end": { "line": 46, "column": 13 }
      },
      "38": {
        "start": { "line": 48, "column": 14 },
        "end": { "line": 48, "column": null }
      },
      "39": {
        "start": { "line": 48, "column": 8 },
        "end": { "line": 48, "column": null }
      },
      "40": {
        "start": { "line": 49, "column": 4 },
        "end": { "line": 57, "column": null }
      },
      "41": {
        "start": { "line": 50, "column": 6 },
        "end": { "line": 55, "column": 8 }
      },
      "42": {
        "start": { "line": 56, "column": 6 },
        "end": { "line": 56, "column": 20 }
      },
      "43": {
        "start": { "line": 60, "column": 2 },
        "end": { "line": 62, "column": 13 }
      },
      "44": {
        "start": { "line": 61, "column": 4 },
        "end": { "line": 61, "column": 63 }
      },
      "45": {
        "start": { "line": 64, "column": 2 },
        "end": { "line": 153, "column": 4 }
      },
      "46": {
        "start": { "line": 123, "column": 16 },
        "end": { "line": 123, "column": 29 }
      },
      "47": {
        "start": { "line": 124, "column": 16 },
        "end": { "line": 124, "column": 29 }
      }
    },
    "fnMap": {
      "0": {
        "name": "ModalReject",
        "decl": {
          "start": { "line": 23, "column": 24 },
          "end": { "line": 23, "column": 35 }
        },
        "loc": {
          "start": { "line": 28, "column": 8 },
          "end": { "line": 154, "column": 1 }
        }
      },
      "1": {
        "name": "(anonymous_17)",
        "decl": {
          "start": { "line": 31, "column": 4 },
          "end": { "line": 31, "column": 5 }
        },
        "loc": {
          "start": { "line": 31, "column": 10 },
          "end": { "line": 31, "column": 20 }
        }
      },
      "2": {
        "name": "(anonymous_18)",
        "decl": {
          "start": { "line": 34, "column": 4 },
          "end": { "line": 34, "column": 5 }
        },
        "loc": {
          "start": { "line": 34, "column": 10 },
          "end": { "line": 34, "column": 20 }
        }
      },
      "3": {
        "name": "(anonymous_19)",
        "decl": {
          "start": { "line": 38, "column": 23 },
          "end": { "line": 38, "column": null }
        },
        "loc": {
          "start": { "line": 38, "column": 23 },
          "end": { "line": 42, "column": 4 }
        }
      },
      "4": {
        "name": "(anonymous_22)",
        "decl": {
          "start": { "line": 43, "column": 24 },
          "end": { "line": 43, "column": null }
        },
        "loc": {
          "start": { "line": 43, "column": 24 },
          "end": { "line": 58, "column": 4 }
        }
      },
      "5": {
        "name": "(anonymous_25)",
        "decl": {
          "start": { "line": 60, "column": 12 },
          "end": { "line": 60, "column": null }
        },
        "loc": {
          "start": { "line": 60, "column": 12 },
          "end": { "line": 62, "column": 3 }
        }
      },
      "6": {
        "name": "(anonymous_26)",
        "decl": {
          "start": { "line": 122, "column": 31 },
          "end": { "line": 122, "column": 32 }
        },
        "loc": {
          "start": { "line": 122, "column": 33 },
          "end": { "line": 125, "column": 15 }
        }
      }
    },
    "branchMap": {
      "0": {
        "loc": {
          "start": { "line": 44, "column": 4 },
          "end": { "line": 47, "column": null }
        },
        "type": "if",
        "locations": [
          {
            "start": { "line": 44, "column": 4 },
            "end": { "line": 47, "column": null }
          },
          {
            "start": { "line": 44, "column": 4 },
            "end": { "line": 47, "column": null }
          }
        ]
      },
      "1": {
        "loc": {
          "start": { "line": 49, "column": 4 },
          "end": { "line": 57, "column": null }
        },
        "type": "if",
        "locations": [
          {
            "start": { "line": 49, "column": 4 },
            "end": { "line": 57, "column": null }
          },
          {
            "start": { "line": 49, "column": 4 },
            "end": { "line": 57, "column": null }
          }
        ]
      },
      "2": {
        "loc": {
          "start": { "line": 49, "column": 8 },
          "end": { "line": 49, "column": 11 }
        },
        "type": "binary-expr",
        "locations": [
          {
            "start": { "line": 49, "column": 8 },
            "end": { "line": 49, "column": 11 }
          },
          {
            "start": { "line": 49, "column": 15 },
            "end": { "line": 49, "column": 33 }
          }
        ]
      },
      "3": {
        "loc": {
          "start": { "line": 61, "column": 30 },
          "end": { "line": 61, "column": 56 }
        },
        "type": "cond-expr",
        "locations": [
          {
            "start": { "line": 61, "column": 30 },
            "end": { "line": 61, "column": 56 }
          },
          {
            "start": { "line": 61, "column": 59 },
            "end": { "line": 61, "column": 61 }
          }
        ]
      },
      "4": {
        "loc": {
          "start": { "line": 81, "column": 13 },
          "end": { "line": 81, "column": 22 }
        },
        "type": "binary-expr",
        "locations": [
          {
            "start": { "line": 81, "column": 13 },
            "end": { "line": 81, "column": 22 }
          },
          {
            "start": { "line": 82, "column": 14 },
            "end": { "line": 95, "column": null }
          }
        ]
      },
      "5": {
        "loc": {
          "start": { "line": 112, "column": 54 },
          "end": { "line": 112, "column": 60 }
        },
        "type": "cond-expr",
        "locations": [
          {
            "start": { "line": 112, "column": 54 },
            "end": { "line": 112, "column": 60 }
          },
          {
            "start": { "line": 112, "column": 63 },
            "end": { "line": 112, "column": 72 }
          }
        ]
      }
    },
    "s": {
      "0": 1,
      "1": 1,
      "2": 1,
      "3": 1,
      "4": 1,
      "5": 1,
      "6": 1,
      "7": 1,
      "8": 1,
      "9": 1,
      "10": 1,
      "11": 1,
      "12": 1,
      "13": 1,
      "14": 5,
      "15": 4,
      "16": 3,
      "17": 3,
      "18": 3,
      "19": 3,
      "20": 3,
      "21": 3,
      "22": 3,
      "23": 3,
      "24": 3,
      "25": 3,
      "26": 3,
      "27": 3,
      "28": 3,
      "29": 3,
      "30": 4,
      "31": 1,
      "32": 1,
      "33": 1,
      "34": 4,
      "35": 1,
      "36": 1,
      "37": 1,
      "38": 0,
      "39": 0,
      "40": 0,
      "41": 0,
      "42": 0,
      "43": 3,
      "44": 2,
      "45": 3,
      "46": 0,
      "47": 0
    },
    "f": { "0": 4, "1": 3, "2": 3, "3": 2, "4": 2, "5": 2, "6": 0 },
    "b": {
      "0": [1, 0],
      "1": [0, 0],
      "2": [0, 0],
      "3": [2, 0],
      "4": [3, 3],
      "5": [2, 1]
    }
  },
  "C:\\Users\\Admin\\Downloads\\cj-pos-back-web\\src\\components\\commons\\ui\\OverwriteMoment.tsx": {
    "path": "C:\\Users\\Admin\\Downloads\\cj-pos-back-web\\src\\components\\commons\\ui\\OverwriteMoment.tsx",
    "statementMap": {
      "0": {
        "start": { "line": 5, "column": 0 },
        "end": { "line": 5, "column": 40 }
      },
      "1": {
        "start": { "line": 6, "column": 0 },
        "end": { "line": 6, "column": 26 }
      },
      "2": {
        "start": { "line": 8, "column": 0 },
        "end": { "line": 8, "column": null }
      },
      "3": {
        "start": { "line": 8, "column": 47 },
        "end": { "line": 8, "column": 56 }
      },
      "4": {
        "start": { "line": 9, "column": 22 },
        "end": { "line": 9, "column": 24 }
      },
      "5": {
        "start": { "line": 9, "column": 31 },
        "end": { "line": 9, "column": 33 }
      },
      "6": {
        "start": { "line": 9, "column": 41 },
        "end": { "line": 9, "column": 43 }
      },
      "7": {
        "start": { "line": 10, "column": 4 },
        "end": { "line": 10, "column": null }
      },
      "8": {
        "start": { "line": 13, "column": 2 },
        "end": { "line": 25, "column": 4 }
      },
      "9": {
        "start": { "line": 13, "column": 10 },
        "end": { "line": 13, "column": null }
      },
      "10": {
        "start": { "line": 14, "column": 4 },
        "end": { "line": 20, "column": null }
      },
      "11": {
        "start": { "line": 16, "column": 21 },
        "end": { "line": 16, "column": 44 }
      },
      "12": {
        "start": { "line": 17, "column": 6 },
        "end": { "line": 17, "column": 33 }
      },
      "13": {
        "start": { "line": 19, "column": 6 },
        "end": { "line": 19, "column": 20 }
      },
      "14": {
        "start": { "line": 22, "column": 19 },
        "end": { "line": 22, "column": 37 }
      },
      "15": {
        "start": { "line": 23, "column": 4 },
        "end": { "line": 23, "column": 31 }
      },
      "16": {
        "start": { "line": 24, "column": 4 },
        "end": { "line": 24, "column": 18 }
      },
      "17": {
        "start": { "line": 39, "column": 2 },
        "end": { "line": 41, "column": 4 }
      },
      "18": {
        "start": { "line": 40, "column": 4 },
        "end": { "line": 40, "column": 48 }
      },
      "19": {
        "start": { "line": 27, "column": 2 },
        "end": { "line": 37, "column": null }
      },
      "20": {
        "start": { "line": 28, "column": 24 },
        "end": { "line": 28, "column": 45 }
      },
      "21": {
        "start": { "line": 29, "column": 23 },
        "end": { "line": 29, "column": 65 }
      },
      "22": {
        "start": { "line": 30, "column": 4 },
        "end": { "line": 36, "column": 44 }
      },
      "23": {
        "start": { "line": 42, "column": 0 },
        "end": { "line": 42, "column": null }
      }
    },
    "fnMap": {
      "0": {
        "name": "(anonymous_7)",
        "decl": {
          "start": { "line": 8, "column": 0 },
          "end": { "line": 8, "column": 47 }
        },
        "loc": {
          "start": { "line": 8, "column": 0 },
          "end": { "line": 42, "column": null }
        }
      },
      "1": {
        "name": "OverwriteMomentBE",
        "decl": {
          "start": { "line": 9, "column": 2 },
          "end": { "line": 9, "column": 14 }
        },
        "loc": {
          "start": { "line": 9, "column": 43 },
          "end": { "line": 11, "column": 3 }
        }
      },
      "2": {
        "name": "(anonymous_9)",
        "decl": {
          "start": { "line": 13, "column": 9 },
          "end": { "line": 13, "column": 10 }
        },
        "loc": {
          "start": { "line": 13, "column": 22 },
          "end": { "line": 25, "column": 3 }
        }
      },
      "3": {
        "name": "(anonymous_10)",
        "decl": {
          "start": { "line": 39, "column": 11 },
          "end": { "line": 39, "column": 12 }
        },
        "loc": {
          "start": { "line": 39, "column": 27 },
          "end": { "line": 41, "column": 3 }
        }
      },
      "4": {
        "name": "(anonymous_11)",
        "decl": {
          "start": { "line": 27, "column": 2 },
          "end": { "line": 27, "column": 16 }
        },
        "loc": {
          "start": { "line": 27, "column": 31 },
          "end": { "line": 37, "column": 3 }
        }
      }
    },
    "branchMap": {
      "0": {
        "loc": {
          "start": { "line": 10, "column": 4 },
          "end": { "line": 10, "column": 40 }
        },
        "type": "binary-expr",
        "locations": [
          {
            "start": { "line": 10, "column": 4 },
            "end": { "line": 10, "column": 40 }
          },
          {
            "start": { "line": 10, "column": 40 },
            "end": { "line": 10, "column": null }
          }
        ]
      },
      "1": {
        "loc": {
          "start": { "line": 13, "column": 10 },
          "end": { "line": 13, "column": null }
        },
        "type": "if",
        "locations": [
          {
            "start": { "line": 13, "column": 10 },
            "end": { "line": 13, "column": null }
          },
          {
            "start": { "line": 13, "column": 10 },
            "end": { "line": 13, "column": null }
          }
        ]
      },
      "2": {
        "loc": {
          "start": { "line": 14, "column": 4 },
          "end": { "line": 20, "column": null }
        },
        "type": "if",
        "locations": [
          {
            "start": { "line": 14, "column": 4 },
            "end": { "line": 20, "column": null }
          },
          {
            "start": { "line": 14, "column": 4 },
            "end": { "line": 20, "column": null }
          }
        ]
      }
    },
    "s": {
      "0": 4,
      "1": 4,
      "2": 4,
      "3": 4,
      "4": 8,
      "5": 8,
      "6": 8,
      "7": 8,
      "8": 8,
      "9": 61,
      "10": 53,
      "11": 8,
      "12": 8,
      "13": 8,
      "14": 45,
      "15": 45,
      "16": 45,
      "17": 8,
      "18": 14,
      "19": 4,
      "20": 14,
      "21": 14,
      "22": 14,
      "23": 4
    },
    "f": { "0": 4, "1": 8, "2": 53, "3": 14, "4": 14 },
    "b": { "0": [8, 8], "1": [8, 45], "2": [8, 45] }
  },
  "C:\\Users\\Admin\\Downloads\\cj-pos-back-web\\src\\components\\commons\\ui\\alert-error.tsx": {
    "path": "C:\\Users\\Admin\\Downloads\\cj-pos-back-web\\src\\components\\commons\\ui\\alert-error.tsx",
    "statementMap": {
      "0": {
        "start": { "line": 2, "column": 0 },
        "end": { "line": 2, "column": 42 }
      },
      "1": {
        "start": { "line": 3, "column": 0 },
        "end": { "line": 3, "column": null }
      },
      "2": {
        "start": { "line": 13, "column": 0 },
        "end": { "line": 13, "column": 51 }
      },
      "3": {
        "start": { "line": 18, "column": 0 },
        "end": { "line": 18, "column": 75 }
      },
      "4": {
        "start": { "line": 19, "column": 0 },
        "end": { "line": 19, "column": 56 }
      },
      "5": {
        "start": { "line": 20, "column": 0 },
        "end": { "line": 20, "column": 54 }
      },
      "6": {
        "start": { "line": 32, "column": 6 },
        "end": { "line": 32, "column": null }
      },
      "7": {
        "start": { "line": 33, "column": 9 },
        "end": { "line": 33, "column": null }
      },
      "8": {
        "start": { "line": 34, "column": 11 },
        "end": { "line": 34, "column": null }
      },
      "9": {
        "start": { "line": 35, "column": 11 },
        "end": { "line": 35, "column": null }
      },
      "10": {
        "start": { "line": 36, "column": 9 },
        "end": { "line": 36, "column": null }
      },
      "11": {
        "start": { "line": 37, "column": 7 },
        "end": { "line": 37, "column": null }
      },
      "12": {
        "start": { "line": 39, "column": 18 },
        "end": { "line": 39, "column": 29 }
      },
      "13": {
        "start": { "line": 40, "column": 32 },
        "end": { "line": 152, "column": 4 }
      },
      "14": {
        "start": { "line": 49, "column": 30 },
        "end": { "line": 55, "column": null }
      },
      "15": {
        "start": { "line": 67, "column": 8 },
        "end": { "line": 73, "column": 10 }
      },
      "16": {
        "start": { "line": 86, "column": 8 },
        "end": { "line": 92, "column": 10 }
      },
      "17": {
        "start": { "line": 110, "column": 8 },
        "end": { "line": 126, "column": 10 }
      },
      "18": {
        "start": { "line": 138, "column": 8 },
        "end": { "line": 149, "column": 10 }
      },
      "19": {
        "start": { "line": 153, "column": 18 },
        "end": { "line": 153, "column": 20 }
      },
      "20": {
        "start": { "line": 154, "column": 2 },
        "end": { "line": 166, "column": 5 }
      },
      "21": {
        "start": { "line": 155, "column": 4 },
        "end": { "line": 165, "column": 6 }
      },
      "22": {
        "start": { "line": 168, "column": 2 },
        "end": { "line": 235, "column": 4 }
      },
      "23": {
        "start": { "line": 31, "column": 0 },
        "end": { "line": 31, "column": 24 }
      }
    },
    "fnMap": {
      "0": {
        "name": "AlertError",
        "decl": {
          "start": { "line": 31, "column": 24 },
          "end": { "line": 31, "column": 34 }
        },
        "loc": {
          "start": { "line": 38, "column": 8 },
          "end": { "line": 236, "column": 1 }
        }
      },
      "1": {
        "name": "(anonymous_4)",
        "decl": {
          "start": { "line": 49, "column": 18 },
          "end": { "line": 49, "column": 19 }
        },
        "loc": {
          "start": { "line": 49, "column": 25 },
          "end": { "line": 49, "column": null }
        }
      },
      "2": {
        "name": "(anonymous_5)",
        "decl": {
          "start": { "line": 66, "column": 18 },
          "end": { "line": 66, "column": 19 }
        },
        "loc": {
          "start": { "line": 66, "column": 25 },
          "end": { "line": 74, "column": 7 }
        }
      },
      "3": {
        "name": "(anonymous_6)",
        "decl": {
          "start": { "line": 85, "column": 18 },
          "end": { "line": 85, "column": 19 }
        },
        "loc": {
          "start": { "line": 85, "column": 25 },
          "end": { "line": 93, "column": 7 }
        }
      },
      "4": {
        "name": "(anonymous_7)",
        "decl": {
          "start": { "line": 109, "column": 18 },
          "end": { "line": 109, "column": 19 }
        },
        "loc": {
          "start": { "line": 109, "column": 25 },
          "end": { "line": 127, "column": 7 }
        }
      },
      "5": {
        "name": "(anonymous_8)",
        "decl": {
          "start": { "line": 137, "column": 18 },
          "end": { "line": 137, "column": 19 }
        },
        "loc": {
          "start": { "line": 137, "column": 25 },
          "end": { "line": 150, "column": 7 }
        }
      },
      "6": {
        "name": "(anonymous_9)",
        "decl": {
          "start": { "line": 154, "column": 36 },
          "end": { "line": 154, "column": 37 }
        },
[...]
        "decl": {
          "start": { "line": 149, "column": 22 },
          "end": { "line": 149, "column": 23 }
        },
        "loc": {
          "start": { "line": 149, "column": 29 },
          "end": { "line": 150, "column": 14 }
        }
      },
      "13": {
        "name": "(anonymous_41)",
        "decl": {
          "start": { "line": 152, "column": 28 },
          "end": { "line": 152, "column": 29 }
        },
        "loc": {
          "start": { "line": 152, "column": 42 },
          "end": { "line": 153, "column": 14 }
        }
      }
    },
    "branchMap": {
      "0": {
        "loc": {
          "start": { "line": 41, "column": 2 },
          "end": { "line": 41, "column": 79 }
        },
        "type": "if",
        "locations": [
          {
            "start": { "line": 41, "column": 2 },
            "end": { "line": 41, "column": 79 }
          },
          {
            "start": { "line": 41, "column": 2 },
            "end": { "line": 41, "column": 79 }
          }
        ]
      },
      "1": {
        "loc": {
          "start": { "line": 41, "column": 64 },
          "end": { "line": 41, "column": 73 }
        },
        "type": "cond-expr",
        "locations": [
          {
            "start": { "line": 41, "column": 64 },
            "end": { "line": 41, "column": 73 }
          },
          {
            "start": { "line": 41, "column": 76 },
            "end": { "line": 41, "column": 78 }
          }
        ]
      },
      "2": {
        "loc": {
          "start": { "line": 41, "column": 28 },
          "end": { "line": 41, "column": 37 }
        },
        "type": "binary-expr",
        "locations": [
          {
            "start": { "line": 41, "column": 28 },
            "end": { "line": 41, "column": 37 }
          },
          {
            "start": { "line": 41, "column": 41 },
            "end": { "line": 41, "column": 61 }
          }
        ]
      },
      "3": {
        "loc": {
          "start": { "line": 68, "column": 25 },
          "end": { "line": 68, "column": 71 }
        },
        "type": "cond-expr",
        "locations": [
          {
            "start": { "line": 68, "column": 25 },
            "end": { "line": 68, "column": 71 }
          },
          {
            "start": { "line": 68, "column": 74 },
            "end": { "line": 68, "column": 78 }
          }
        ]
      },
      "4": {
        "loc": {
          "start": { "line": 92, "column": 28 },
          "end": { "line": 92, "column": 30 }
        },
        "type": "cond-expr",
        "locations": [
          {
            "start": { "line": 92, "column": 28 },
            "end": { "line": 92, "column": 30 }
          },
          {
            "start": { "line": 92, "column": 28 },
            "end": { "line": 92, "column": 38 }
          }
        ]
      },
      "5": {
        "loc": {
          "start": { "line": 92, "column": 4 },
          "end": { "line": 92, "column": 30 }
        },
        "type": "binary-expr",
        "locations": [
          {
            "start": { "line": 92, "column": 4 },
            "end": { "line": 92, "column": 30 }
          },
          {
            "start": { "line": 92, "column": 28 },
            "end": { "line": 92, "column": 30 }
          }
        ]
      },
      "6": {
        "loc": {
          "start": { "line": 94, "column": 6 },
          "end": { "line": 96, "column": null }
        },
        "type": "if",
        "locations": [
          {
            "start": { "line": 94, "column": 6 },
            "end": { "line": 96, "column": null }
          },
          {
            "start": { "line": 94, "column": 6 },
            "end": { "line": 96, "column": null }
          }
        ]
      },
      "7": {
        "loc": {
          "start": { "line": 94, "column": 10 },
          "end": { "line": 94, "column": 15 }
        },
        "type": "binary-expr",
        "locations": [
          {
            "start": { "line": 94, "column": 10 },
            "end": { "line": 94, "column": 15 }
          },
          {
            "start": { "line": 94, "column": 19 },
            "end": { "line": 94, "column": 32 }
          },
          {
            "start": { "line": 94, "column": 36 },
            "end": { "line": 94, "column": 56 }
          }
        ]
      },
      "8": {
        "loc": {
          "start": { "line": 99, "column": 10 },
          "end": { "line": 99, "column": 17 }
        },
        "type": "if",
        "locations": [
          {
            "start": { "line": 99, "column": 10 },
            "end": { "line": 99, "column": 17 }
          },
          {
            "start": { "line": 99, "column": 10 },
            "end": { "line": 99, "column": 17 }
          }
        ]
      },
      "9": {
        "loc": {
          "start": { "line": 99, "column": 10 },
          "end": { "line": 99, "column": 29 }
        },
        "type": "binary-expr",
        "locations": [
          {
            "start": { "line": 99, "column": 10 },
            "end": { "line": 99, "column": 29 }
          },
          {
            "start": { "line": 99, "column": 33 },
            "end": { "line": 99, "column": 51 }
          }
        ]
      },
      "10": {
        "loc": {
          "start": { "line": 109, "column": 10 },
          "end": { "line": 116, "column": null }
        },
        "type": "if",
        "locations": [
          {
            "start": { "line": 109, "column": 10 },
            "end": { "line": 116, "column": null }
          },
          {
            "start": { "line": 109, "column": 10 },
            "end": { "line": 116, "column": null }
          }
        ]
      },
      "11": {
        "loc": {
          "start": { "line": 110, "column": 12 },
          "end": { "line": 115, "column": null }
        },
        "type": "if",
        "locations": [
          {
            "start": { "line": 110, "column": 12 },
            "end": { "line": 115, "column": null }
          },
          {
            "start": { "line": 110, "column": 12 },
            "end": { "line": 115, "column": null }
          }
        ]
      },
      "12": {
        "loc": {
          "start": { "line": 129, "column": 4 },
          "end": { "line": 131, "column": null }
        },
        "type": "if",
        "locations": [
          {
            "start": { "line": 129, "column": 4 },
            "end": { "line": 131, "column": null }
          },
          {
            "start": { "line": 129, "column": 4 },
            "end": { "line": 131, "column": null }
          }
        ]
      },
      "13": {
        "loc": {
          "start": { "line": 150, "column": 29 },
          "end": { "line": 150, "column": 47 }
        },
        "type": "cond-expr",
        "locations": [
          {
            "start": { "line": 150, "column": 29 },
            "end": { "line": 150, "column": 47 }
          },
          {
            "start": { "line": 150, "column": 50 },
            "end": { "line": 150, "column": 52 }
          }
        ]
      }
    },
    "s": {
      "0": 1,
      "1": 1,
      "2": 1,
      "3": 1,
      "4": 1,
      "5": 1,
      "6": 1,
      "7": 7,
      "8": 7,
      "9": 7,
      "10": 7,
      "11": 7,
      "12": 7,
      "13": 7,
      "14": 7,
      "15": 7,
      "16": 7,
      "17": 7,
      "18": 7,
      "19": 7,
      "20": 7,
      "21": 7,
      "22": 7,
      "23": 7,
      "24": 7,
      "25": 7,
      "26": 7,
      "27": 7,
      "28": 1,
      "29": 7,
      "30": 0,
      "31": 7,
      "32": 0,
      "33": 7,
      "34": 14,
      "35": 7,
      "36": 0,
      "37": 0,
      "38": 0,
      "39": 7,
      "40": 7,
      "41": 7,
      "42": 1,
      "43": 1,
      "44": 1,
      "45": 1,
      "46": 1,
      "47": 0,
      "48": 1,
      "49": 1,
      "50": 1,
      "51": 1,
      "52": 1,
      "53": 1,
      "54": 0,
      "55": 0,
      "56": 0,
      "57": 0,
      "58": 0,
      "59": 0,
      "60": 0,
      "61": 0,
      "62": 0,
      "63": 1,
      "64": 7,
      "65": 5,
      "66": 1,
      "67": 7,
      "68": 21,
      "69": 0,
      "70": 1
    },
    "f": {
      "0": 7,
      "1": 0,
      "2": 0,
      "3": 14,
      "4": 0,
      "5": 0,
      "6": 0,
      "7": 0,
      "8": 1,
      "9": 1,
      "10": 2,
      "11": 5,
      "12": 21,
      "13": 0
    },
    "b": {
      "0": [1, 6],
      "1": [0, 1],
      "2": [1, 1],
      "3": [2, 12],
      "4": [1, 0],
      "5": [1, 1],
      "6": [0, 1],
      "7": [1, 1, 0],
      "8": [0, 1],
      "9": [1, 1],
      "10": [0, 0],
      "11": [0, 0],
      "12": [1, 4],
      "13": [0, 21]
    }
  },
  "C:\\Users\\Admin\\Downloads\\cj-pos-back-web\\src\\components\\commons\\ui\\textbox-comment.tsx": {
    "path": "C:\\Users\\Admin\\Downloads\\cj-pos-back-web\\src\\components\\commons\\ui\\textbox-comment.tsx",
    "statementMap": {
      "0": {
        "start": { "line": 1, "column": 0 },
        "end": { "line": 1, "column": 55 }
      },
      "1": {
        "start": { "line": 2, "column": 0 },
        "end": { "line": 2, "column": 54 }
      },
      "2": {
        "start": { "line": 3, "column": 0 },
        "end": { "line": 3, "column": 50 }
      },
      "3": {
        "start": { "line": 4, "column": 0 },
        "end": { "line": 4, "column": 48 }
      },
      "4": {
        "start": { "line": 18, "column": 11 },
        "end": { "line": 18, "column": null }
      },
      "5": {
        "start": { "line": 19, "column": 14 },
        "end": { "line": 19, "column": null }
      },
      "6": {
        "start": { "line": 20, "column": 11 },
        "end": { "line": 20, "column": null }
      },
      "7": {
        "start": { "line": 21, "column": 2 },
        "end": { "line": 21, "column": 10 }
      },
      "8": {
        "start": { "line": 21, "column": 10 },
        "end": { "line": 21, "column": null }
      },
      "9": {
        "start": { "line": 22, "column": 11 },
        "end": { "line": 22, "column": null }
      },
      "10": {
        "start": { "line": 23, "column": 17 },
        "end": { "line": 23, "column": null }
      },
      "11": {
        "start": { "line": 24, "column": 12 },
        "end": { "line": 24, "column": null }
      },
      "12": {
        "start": { "line": 25, "column": 12 },
        "end": { "line": 25, "column": null }
      },
      "13": {
        "start": { "line": 26, "column": 9 },
        "end": { "line": 26, "column": null }
      },
      "14": {
        "start": { "line": 28, "column": 18 },
        "end": { "line": 28, "column": 29 }
      },
      "15": {
        "start": { "line": 29, "column": 46 },
        "end": { "line": 29, "column": 63 }
      },
      "16": {
        "start": { "line": 29, "column": 23 },
        "end": { "line": 29, "column": 25 }
      },
      "17": {
        "start": { "line": 29, "column": 42 },
        "end": { "line": 29, "column": 46 }
      },
      "18": {
        "start": { "line": 32, "column": 2 },
        "end": { "line": 35, "column": 9 }
      },
      "19": {
        "start": { "line": 33, "column": 4 },
        "end": { "line": 34, "column": 45 }
      },
      "20": {
        "start": { "line": 34, "column": 6 },
        "end": { "line": 34, "column": 45 }
      },
      "21": {
        "start": { "line": 37, "column": 30 },
        "end": { "line": 45, "column": 3 }
      },
      "22": {
        "start": { "line": 38, "column": 18 },
        "end": { "line": 38, "column": 36 }
      },
      "23": {
        "start": { "line": 39, "column": 19 },
        "end": { "line": 39, "column": 44 }
      },
      "24": {
        "start": { "line": 40, "column": 4 },
        "end": { "line": 43, "column": null }
      },
      "25": {
        "start": { "line": 41, "column": 6 },
        "end": { "line": 41, "column": 51 }
      },
      "26": {
        "start": { "line": 44, "column": 4 },
        "end": { "line": 44, "column": 34 }
      },
      "27": {
        "start": { "line": 47, "column": 2 },
        "end": { "line": 85, "column": 4 }
      },
      "28": {
        "start": { "line": 88, "column": 0 },
        "end": { "line": 88, "column": 30 }
      }
    },
    "fnMap": {
      "0": {
        "name": "TextBoxComment",
        "decl": {
          "start": { "line": 17, "column": 9 },
          "end": { "line": 17, "column": 23 }
        },
        "loc": {
          "start": { "line": 27, "column": 8 },
          "end": { "line": 86, "column": 1 }
        }
      },
      "1": {
        "name": "(anonymous_10)",
        "decl": {
          "start": { "line": 32, "column": 12 },
          "end": { "line": 32, "column": null }
        },
        "loc": {
          "start": { "line": 32, "column": 12 },
          "end": { "line": 35, "column": 3 }
        }
      },
      "2": {
        "name": "(anonymous_11)",
        "decl": {
          "start": { "line": 37, "column": 30 },
          "end": { "line": 37, "column": 31 }
        },
        "loc": {
          "start": { "line": 37, "column": 41 },
          "end": { "line": 45, "column": 3 }
        }
      }
    },
    "branchMap": {
      "0": {
        "loc": {
          "start": { "line": 21, "column": 13 },
          "end": { "line": 21, "column": 16 }
        },
        "type": "cond-expr",
        "locations": [
          {
            "start": { "line": 21, "column": 13 },
            "end": { "line": 21, "column": 16 }
          },
          {
            "start": { "line": 21, "column": 16 },
            "end": { "line": 21, "column": null }
          }
        ]
      },
      "1": {
        "loc": {
          "start": { "line": 33, "column": 4 },
          "end": { "line": 34, "column": 45 }
        },
        "type": "if",
        "locations": [
          {
            "start": { "line": 33, "column": 4 },
            "end": { "line": 34, "column": 45 }
          },
          {
            "start": { "line": 33, "column": 4 },
            "end": { "line": 34, "column": 45 }
          }
        ]
      },
      "2": {
        "loc": {
          "start": { "line": 33, "column": 8 },
          "end": { "line": 33, "column": 27 }
        },
        "type": "binary-expr",
        "locations": [
          {
            "start": { "line": 33, "column": 8 },
            "end": { "line": 33, "column": 27 }
          },
          {
            "start": { "line": 33, "column": 31 },
            "end": { "line": 33, "column": 57 }
          }
        ]
      },
      "3": {
        "loc": {
          "start": { "line": 40, "column": 4 },
          "end": { "line": 43, "column": null }
        },
        "type": "if",
        "locations": [
          {
            "start": { "line": 40, "column": 4 },
            "end": { "line": 43, "column": null }
          },
          {
            "start": { "line": 40, "column": 4 },
            "end": { "line": 43, "column": null }
          }
        ]
      },
      "4": {
        "loc": {
          "start": { "line": 58, "column": 27 },
          "end": { "line": 58, "column": 37 }
        },
        "type": "cond-expr",
        "locations": [
          {
            "start": { "line": 58, "column": 27 },
            "end": { "line": 58, "column": 37 }
          },
          {
            "start": { "line": 58, "column": 40 },
            "end": { "line": 58, "column": 41 }
          }
        ]
      },
      "5": {
        "loc": {
          "start": { "line": 66, "column": 39 },
          "end": { "line": 66, "column": 49 }
        },
        "type": "cond-expr",
        "locations": [
          {
            "start": { "line": 66, "column": 39 },
            "end": { "line": 66, "column": 49 }
          },
          {
            "start": { "line": 66, "column": 52 },
            "end": { "line": 66, "column": 55 }
          }
        ]
      }
    },
    "s": {
      "0": 2,
      "1": 2,
      "2": 2,
      "3": 2,
      "4": 9,
      "5": 8,
      "6": 8,
      "7": 8,
      "8": 8,
      "9": 8,
      "10": 8,
      "11": 8,
      "12": 8,
      "13": 8,
      "14": 8,
      "15": 8,
      "16": 8,
      "17": 8,
      "18": 8,
      "19": 4,
      "20": 2,
      "21": 8,
      "22": 1,
      "23": 1,
      "24": 1,
      "25": 1,
      "26": 1,
      "27": 8,
      "28": 2
    },
    "f": { "0": 9, "1": 4, "2": 1 },
    "b": {
      "0": [8, 0],
      "1": [2, 2],
      "2": [4, 2],
      "3": [1, 0],
      "4": [6, 2],
      "5": [0, 8]
    }
  },
  "C:\\Users\\Admin\\Downloads\\cj-pos-back-web\\src\\components\\dc-check-orders\\modal-confirm.tsx": {
    "path": "C:\\Users\\Admin\\Downloads\\cj-pos-back-web\\src\\components\\dc-check-orders\\modal-confirm.tsx",
    "statementMap": {
      "0": {
        "start": { "line": 2, "column": 0 },
        "end": { "line": 2, "column": 42 }
      },
      "1": {
        "start": { "line": 3, "column": 0 },
        "end": { "line": 3, "column": 42 }
      },
      "2": {
        "start": { "line": 4, "column": 0 },
        "end": { "line": 4, "column": 56 }
      },
      "3": {
        "start": { "line": 5, "column": 0 },
        "end": { "line": 5, "column": 56 }
      },
      "4": {
        "start": { "line": 6, "column": 0 },
        "end": { "line": 6, "column": 64 }
      },
      "5": {
        "start": { "line": 7, "column": 0 },
        "end": { "line": 7, "column": 50 }
      },
      "6": {
        "start": { "line": 31, "column": 6 },
        "end": { "line": 31, "column": null }
      },
      "7": {
        "start": { "line": 32, "column": 9 },
        "end": { "line": 32, "column": null }
      },
      "8": {
        "start": { "line": 33, "column": 16 },
        "end": { "line": 33, "column": null }
      },
      "9": {
        "start": { "line": 34, "column": 6 },
        "end": { "line": 34, "column": null }
      },
      "10": {
        "start": { "line": 35, "column": 10 },
        "end": { "line": 35, "column": null }
      },
      "11": {
        "start": { "line": 36, "column": 6 },
        "end": { "line": 36, "column": null }
      },
      "12": {
        "start": { "line": 37, "column": 9 },
        "end": { "line": 37, "column": null }
      },
      "13": {
        "start": { "line": 38, "column": 20 },
        "end": { "line": 38, "column": null }
      },
      "14": {
        "start": { "line": 39, "column": 9 },
        "end": { "line": 39, "column": null }
      },
      "15": {
        "start": { "line": 74, "column": 24 },
        "end": { "line": 77, "column": 3 }
      },
      "16": {
        "start": { "line": 75, "column": 4 },
        "end": { "line": 75, "column": 25 }
      },
      "17": {
        "start": { "line": 76, "column": 4 },
        "end": { "line": 76, "column": 14 }
      },
      "18": {
        "start": { "line": 79, "column": 2 },
        "end": { "line": 138, "column": 4 }
      },
      "19": {
        "start": { "line": 30, "column": 0 },
        "end": { "line": 30, "column": 24 }
      }
    },
    "fnMap": {
      "0": {
        "name": "ModelConfirm",
        "decl": {
          "start": { "line": 30, "column": 24 },
          "end": { "line": 30, "column": 36 }
        },
        "loc": {
          "start": { "line": 40, "column": 8 },
          "end": { "line": 139, "column": 1 }
        }
      },
      "1": {
        "name": "(anonymous_4)",
        "decl": {
          "start": { "line": 74, "column": 24 },
          "end": { "line": 74, "column": null }
        },
        "loc": {
          "start": { "line": 74, "column": 24 },
          "end": { "line": 77, "column": 3 }
        }
      }
    },
    "branchMap": {},
    "s": {
      "0": 1,
      "1": 1,
      "2": 1,
      "3": 1,
      "4": 1,
      "5": 1,
      "6": 4,
      "7": 3,
      "8": 3,
      "9": 3,
      "10": 3,
      "11": 3,
      "12": 3,
      "13": 3,
      "14": 3,
      "15": 3,
      "16": 1,
      "17": 1,
      "18": 3,
      "19": 1
    },
    "f": { "0": 4, "1": 1 },
    "b": {}
  }
}
