TN:
SF:src\components\accounting\close-saleshift\modal-bypass-branch.tsx
FN:29,ModalByPassByBranch
FN:40,(anonymous_23)
FN:47,(anonymous_24)
FN:54,(anonymous_25)
FN:64,(anonymous_28)
FN:64,(anonymous_29)
FN:68,(anonymous_31)
FN:73,(anonymous_32)
FN:77,(anonymous_33)
FN:86,(anonymous_36)
FN:163,(anonymous_37)
FNF:11
FNH:2
FNDA:3,ModalByPassByBranch
FNDA:0,(anonymous_23)
FNDA:0,(anonymous_24)
FNDA:0,(anonymous_25)
FNDA:0,(anonymous_28)
FNDA:0,(anonymous_29)
FNDA:0,(anonymous_31)
FNDA:0,(anonymous_32)
FNDA:0,(anonymous_33)
FNDA:3,(anonymous_36)
FNDA:0,(anonymous_37)
DA:1,1
DA:2,1
DA:12,1
DA:13,1
DA:14,1
DA:15,1
DA:17,1
DA:18,1
DA:19,1
DA:20,1
DA:29,3
DA:30,3
DA:31,3
DA:32,3
DA:33,3
DA:34,3
DA:35,3
DA:40,3
DA:41,0
DA:43,3
DA:44,3
DA:45,3
DA:46,3
DA:47,3
DA:48,0
DA:49,0
DA:50,0
DA:51,0
DA:54,3
DA:55,0
DA:56,0
DA:57,0
DA:58,0
DA:60,0
DA:63,0
DA:64,0
DA:65,0
DA:66,0
DA:67,0
DA:68,0
DA:69,0
DA:70,0
DA:74,0
DA:75,0
DA:77,0
DA:78,0
DA:80,0
DA:83,0
DA:86,3
DA:87,3
DA:88,3
DA:89,3
DA:90,3
DA:92,3
DA:163,0
DA:172,1
LF:56
LH:31
BRDA:56,0,0,0
BRDA:56,0,1,0
BRDA:133,1,0,3
BRDA:133,1,1,0
BRF:4
BRH:1
end_of_record
TN:
SF:src\components\accounting\close-saleshift\modal-close-sale.tsx
FN:20,ModalCloseSale
FN:22,(anonymous_3)
FNF:2
FNH:2
FNDA:3,ModalCloseSale
FNDA:1,(anonymous_3)
DA:1,1
DA:12,1
DA:20,3
DA:21,3
DA:22,3
DA:23,1
DA:25,3
DA:70,1
LF:8
LH:8
BRF:0
BRH:0
end_of_record
TN:
SF:src\components\accounting\close-saleshift\modal-save-close-shift-key.tsx
FN:35,ModalSaveCloseShiftKey
FN:52,(anonymous_23)
FN:56,(anonymous_24)
FN:78,(anonymous_27)
FN:121,(anonymous_28)
FN:124,(anonymous_29)
FN:160,(anonymous_30)
FN:198,(anonymous_31)
FN:211,(anonymous_32)
FNF:9
FNH:6
FNDA:12,ModalSaveCloseShiftKey
FNDA:2,(anonymous_23)
FNDA:2,(anonymous_24)
FNDA:1,(anonymous_27)
FNDA:0,(anonymous_28)
FNDA:1,(anonymous_29)
FNDA:11,(anonymous_30)
FNDA:0,(anonymous_31)
FNDA:0,(anonymous_32)
DA:1,1
DA:2,1
DA:3,1
DA:4,1
DA:15,1
DA:16,1
DA:17,1
DA:18,1
DA:21,1
DA:22,1
DA:23,1
DA:24,1
DA:35,13
DA:38,12
DA:40,33
DA:42,11
DA:43,11
DA:46,11
DA:47,11
DA:48,11
DA:49,11
DA:52,11
DA:53,2
DA:56,12
DA:57,1
DA:59,1
DA:61,1
DA:65,0
DA:67,1
DA:69,1
DA:71,2
DA:73,1
DA:78,11
DA:79,1
DA:80,1
DA:81,1
DA:84,11
DA:122,0
DA:124,1
DA:160,1
DA:162,11
DA:164,11
DA:166,11
DA:198,0
DA:211,0
DA:219,11
DA:230,11
LF:47
LH:43
BRDA:57,0,0,0
BRDA:57,0,1,1
BRDA:61,1,0,0
BRDA:61,1,1,1
BRDA:61,2,0,1
BRDA:61,2,1,1
BRDA:67,3,0,1
BRDA:67,3,1,1
BRDA:122,4,0,0
BRDA:122,4,1,0
BRDA:122,5,0,0
BRDA:122,5,1,0
BRDA:129,6,0,11
BRDA:129,6,1,2
BRDA:222,7,0,11
BRDA:222,7,1,1
BRDA:222,8,0,1
BRDA:222,8,1,10
BRDA:222,9,0,11
BRDA:222,9,1,10
BRDA:223,10,0,11
BRDA:223,10,1,1
BRDA:223,11,0,1
BRDA:223,11,1,10
BRDA:223,12,0,11
BRDA:223,12,1,10
BRDA:224,13,0,11
BRDA:224,13,1,1
BRDA:224,14,0,1
BRDA:224,14,1,10
BRDA:224,15,0,11
BRDA:224,15,1,10
BRDA:225,16,0,11
BRDA:225,16,1,1
BRDA:225,17,0,1
BRDA:225,17,1,10
BRDA:225,18,0,11
BRDA:225,18,1,10
BRDA:226,19,0,11
BRDA:226,19,1,1
BRDA:226,20,0,1
BRDA:226,20,1,10
BRDA:226,21,0,11
BRDA:226,21,1,10
BRF:44
BRH:38
end_of_record
TN:
SF:src\components\barcode-discount\modal-check-price.tsx
FN:32,(anonymous_3)
FN:52,(anonymous_4)
FN:70,(anonymous_5)
FN:85,(anonymous_6)
FN:95,ModalCheckPrice
FN:101,(anonymous_8)
FN:105,(anonymous_9)
FN:107,(anonymous_10)
FNF:8
FNH:6
FNDA:2,(anonymous_3)
FNDA:2,(anonymous_4)
FNDA:0,(anonymous_5)
FNDA:0,(anonymous_6)
FNDA:3,ModalCheckPrice
FNDA:2,(anonymous_8)
FNDA:2,(anonymous_9)
FNDA:2,(anonymous_10)
DA:2,1
DA:3,1
DA:12,1
DA:13,1
DA:14,1
DA:15,1
DA:16,1
DA:24,1
DA:32,2
DA:53,2
DA:71,0
DA:86,0
DA:95,1
DA:96,3
DA:97,2
DA:98,2
DA:100,2
DA:101,2
DA:103,2
DA:104,2
DA:105,2
DA:106,2
DA:107,2
DA:109,2
DA:121,2
LF:25
LH:23
BRDA:57,0,0,2
BRDA:57,0,1,0
BRDA:104,1,0,2
BRDA:104,1,1,0
BRF:4
BRH:2
end_of_record
TN:
SF:src\components\barcode-discount\modal-check-stock.tsx
FN:42,(anonymous_3)
FN:60,(anonymous_4)
FN:72,ModalCheckStock
FN:75,(anonymous_6)
FN:79,(anonymous_7)
FN:90,(anonymous_8)
FNF:6
FNH:5
FNDA:2,(anonymous_3)
FNDA:0,(anonymous_4)
FNDA:2,ModalCheckStock
FNDA:2,(anonymous_6)
FNDA:2,(anonymous_7)
FNDA:1,(anonymous_8)
DA:2,1
DA:3,1
DA:4,1
DA:5,1
DA:6,1
DA:7,1
DA:8,1
DA:9,1
DA:10,1
DA:11,1
DA:12,1
DA:13,1
DA:20,1
DA:43,2
DA:61,0
DA:72,2
DA:73,2
DA:74,2
DA:75,2
DA:77,2
DA:78,2
DA:79,2
DA:80,2
DA:90,2
DA:91,1
DA:94,2
LF:26
LH:25
BRDA:47,0,0,2
BRDA:47,0,1,0
BRDA:78,1,0,2
BRDA:78,1,1,0
BRDA:78,2,0,2
BRDA:78,2,1,2
BRF:6
BRH:4
end_of_record
TN:
SF:src\components\barcode-discount\modal-confirm.tsx
FN:22,ModelConfirm
FN:35,(anonymous_17)
FN:39,(anonymous_18)
FNF:3
FNH:3
FNDA:5,ModelConfirm
FNDA:2,(anonymous_17)
FNDA:2,(anonymous_18)
DA:1,1
DA:2,1
DA:3,1
DA:4,1
DA:5,1
DA:6,1
DA:7,1
DA:8,1
DA:22,6
DA:23,5
DA:24,4
DA:25,4
DA:26,4
DA:27,4
DA:28,4
DA:30,4
DA:31,4
DA:35,4
DA:36,2
DA:39,5
DA:40,1
DA:41,2
DA:42,1
DA:43,1
DA:46,4
LF:25
LH:25
BRDA:63,0,0,4
BRDA:63,0,1,4
BRF:2
BRH:2
end_of_record
TN:
SF:src\components\barcode-discount\modal-reject.tsx
FN:23,ModalReject
FN:31,(anonymous_17)
FN:34,(anonymous_18)
FN:38,(anonymous_19)
FN:43,(anonymous_22)
FN:60,(anonymous_25)
FN:122,(anonymous_26)
FNF:7
FNH:6
FNDA:4,ModalReject
FNDA:3,(anonymous_17)
FNDA:3,(anonymous_18)
FNDA:2,(anonymous_19)
FNDA:2,(anonymous_22)
FNDA:2,(anonymous_25)
FNDA:0,(anonymous_26)
DA:1,1
DA:2,1
DA:3,1
DA:4,1
DA:5,1
DA:6,1
DA:7,1
DA:8,1
DA:9,1
DA:10,1
DA:11,1
DA:12,1
DA:13,1
DA:14,1
DA:23,5
DA:24,4
DA:25,3
DA:26,3
DA:27,3
DA:29,3
DA:30,3
DA:31,3
DA:33,3
DA:34,3
DA:36,3
DA:37,3
DA:38,4
DA:39,1
DA:40,1
DA:41,1
DA:43,4
DA:44,1
DA:45,1
DA:46,1
DA:48,0
DA:49,0
DA:50,0
DA:56,0
DA:60,3
DA:61,2
DA:64,3
DA:123,0
DA:124,0
LF:43
LH:37
BRDA:44,0,0,1
BRDA:44,0,1,0
BRDA:49,1,0,0
BRDA:49,1,1,0
BRDA:49,2,0,0
BRDA:49,2,1,0
BRDA:61,3,0,2
BRDA:61,3,1,0
BRDA:81,4,0,3
BRDA:81,4,1,3
BRDA:112,5,0,2
BRDA:112,5,1,1
BRF:12
BRH:6
end_of_record
TN:
SF:src\components\commons\ui\OverwriteMoment.tsx
FN:8,(anonymous_7)
FN:9,OverwriteMomentBE
FN:13,(anonymous_9)
FN:39,(anonymous_10)
FN:27,(anonymous_11)
FNF:5
FNH:5
FNDA:4,(anonymous_7)
FNDA:8,OverwriteMomentBE
FNDA:53,(anonymous_9)
FNDA:14,(anonymous_10)
FNDA:14,(anonymous_11)
DA:5,4
DA:6,4
DA:8,4
DA:9,8
DA:10,8
DA:13,61
DA:14,53
DA:16,8
DA:17,8
DA:19,8
DA:22,45
DA:23,45
DA:24,45
DA:27,4
DA:28,14
DA:29,14
DA:30,14
DA:39,8
DA:40,14
DA:42,4
LF:20
LH:20
BRDA:10,0,0,8
BRDA:10,0,1,8
BRDA:13,1,0,8
BRDA:13,1,1,45
BRDA:14,2,0,8
BRDA:14,2,1,45
BRF:6
BRH:6
end_of_record
TN:
SF:src\components\commons\ui\alert-error.tsx
FN:31,AlertError
FN:49,(anonymous_4)
FN:66,(anonymous_5)
FN:85,(anonymous_6)
FN:109,(anonymous_7)
FN:137,(anonymous_8)
FN:154,(anonymous_9)
FNF:7
FNH:5
FNDA:5,AlertError
FNDA:3,(anonymous_4)
FNDA:3,(anonymous_5)
FNDA:3,(anonymous_6)
FNDA:0,(anonymous_7)
FNDA:0,(anonymous_8)
FNDA:3,(anonymous_9)
DA:2,1
DA:3,1
DA:13,1
DA:18,1
DA:19,1
DA:20,1
DA:31,1
DA:32,5
DA:33,5
DA:34,5
DA:35,5
DA:36,5
DA:37,5
DA:39,5
DA:40,5
DA:49,3
DA:67,3
DA:86,3
DA:110,0
DA:138,0
DA:153,5
DA:154,5
DA:155,3
DA:168,5
LF:24
LH:22
BRDA:65,0,0,4
BRDA:65,0,1,1
BRDA:65,1,0,5
BRDA:65,1,1,5
BRDA:84,2,0,4
BRDA:84,2,1,1
BRDA:84,3,0,5
BRDA:84,3,1,5
BRDA:108,4,0,4
BRDA:108,4,1,1
BRDA:108,5,0,5
BRDA:108,5,1,5
BRDA:114,6,0,0
BRDA:114,6,1,0
BRDA:117,7,0,0
BRDA:117,7,1,0
BRDA:120,8,0,0
BRDA:120,8,1,0
BRDA:123,9,0,0
BRDA:123,9,1,0
BRDA:136,10,0,4
BRDA:136,10,1,1
BRDA:136,11,0,5
BRDA:136,11,1,5
BRDA:145,12,0,0
BRDA:145,12,1,0
BRDA:154,13,0,4
BRDA:154,13,1,1
BRDA:154,14,0,5
BRDA:154,14,1,5
BRDA:189,15,0,5
BRDA:189,15,1,1
BRDA:199,16,0,5
BRDA:199,16,1,1
BRDA:199,16,2,1
BRDA:199,17,0,4
BRDA:199,17,1,1
BRDA:199,18,0,5
BRDA:199,18,1,5
BRF:39
BRH:29
end_of_record
TN:
SF:src\components\commons\ui\alert-warning.tsx
FN:16,AlertError
FNF:1
FNH:1
FNDA:2,AlertError
DA:2,1
DA:3,1
DA:16,1
DA:17,2
DA:18,2
DA:19,2
DA:21,2
LF:7
LH:7
BRF:0
BRH:0
end_of_record
TN:
SF:src\components\commons\ui\branch-list-dropdown.tsx
FN:25,BranchListDropDown
FN:41,(anonymous_11)
FN:43,(anonymous_12)
FN:45,(anonymous_13)
FN:46,(anonymous_14)
FN:61,(anonymous_15)
FN:64,(anonymous_16)
FN:69,(anonymous_17)
FN:74,(anonymous_18)
FN:76,(anonymous_19)
FN:88,(anonymous_20)
FN:103,(anonymous_21)
FN:107,(anonymous_22)
FN:125,(anonymous_23)
FN:132,(anonymous_24)
FNF:15
FNH:13
FNDA:4,BranchListDropDown
FNDA:4,(anonymous_11)
FNDA:4,(anonymous_12)
FNDA:4,(anonymous_13)
FNDA:3,(anonymous_14)
FNDA:3052,(anonymous_15)
FNDA:3052,(anonymous_16)
FNDA:0,(anonymous_17)
FNDA:4,(anonymous_18)
FNDA:3052,(anonymous_19)
FNDA:0,(anonymous_20)
FNDA:1529,(anonymous_21)
FNDA:1,(anonymous_22)
FNDA:763,(anonymous_23)
FNDA:8,(anonymous_24)
DA:1,1
DA:2,1
DA:3,1
DA:4,1
DA:5,1
DA:6,1
DA:9,1
DA:10,1
DA:11,1
DA:26,4
DA:27,4
DA:28,4
DA:29,4
DA:30,4
DA:31,4
DA:32,4
DA:33,4
DA:34,4
DA:35,4
DA:37,4
DA:38,4
DA:39,4
DA:40,4
DA:41,4
DA:42,4
DA:43,4
DA:45,4
DA:46,4
DA:47,3
DA:48,0
DA:49,3
DA:55,0
DA:58,3
DA:59,3
DA:61,4
DA:62,3052
DA:64,4
DA:65,3052
DA:66,3052
DA:68,0
DA:70,0
DA:74,4
DA:75,4
DA:77,3052
DA:85,4
DA:86,0
DA:87,0
DA:89,0
DA:92,0
DA:93,0
DA:96,4
DA:98,4
DA:104,1529
DA:107,4
DA:111,1
DA:112,1
DA:115,4
DA:126,763
DA:132,8
DA:172,1
LF:60
LH:51
BRDA:47,0,0,0
BRDA:47,0,1,3
BRDA:47,1,0,3
BRDA:47,1,1,3
BRDA:49,2,0,0
BRDA:49,2,1,3
BRDA:50,3,0,3
BRDA:50,3,1,3
BRDA:50,3,2,3
BRDA:50,3,3,3
BRDA:51,4,0,0
BRDA:51,4,1,3
BRDA:51,5,0,3
BRDA:51,5,1,3
BRDA:52,6,0,0
BRDA:52,6,1,3
BRDA:52,7,0,3
BRDA:52,7,1,3
BRDA:53,8,0,0
BRDA:53,8,1,3
BRDA:53,9,0,3
BRDA:53,9,1,3
BRDA:58,10,0,0
BRDA:58,10,1,3
BRDA:62,11,0,0
BRDA:62,11,1,3052
BRDA:62,12,0,3052
BRDA:62,12,1,0
BRDA:65,13,0,3052
BRDA:65,13,1,0
BRDA:68,14,0,0
BRDA:68,14,1,0
BRDA:68,15,0,0
BRDA:68,15,1,0
BRDA:78,16,0,3052
BRDA:78,16,1,3052
BRDA:78,16,2,3052
BRDA:85,17,0,0
BRDA:85,17,1,4
BRDA:87,18,0,0
BRDA:87,18,1,0
BRDA:87,19,0,0
BRDA:87,19,1,0
BRDA:112,20,0,1
BRDA:112,20,1,0
BRDA:112,21,0,0
BRDA:112,21,1,1
BRDA:112,22,0,1
BRDA:112,22,1,1
BRDA:119,23,0,0
BRDA:119,23,1,4
BRDA:136,24,0,0
BRDA:136,24,1,8
BRDA:167,25,0,0
BRDA:167,25,1,4
BRF:55
BRH:32
end_of_record
TN:
SF:src\components\commons\ui\confirm-exit-model.tsx
FN:28,ConfirmCloseModel
FN:36,(anonymous_4)
FN:40,(anonymous_5)
FNF:3
FNH:3
FNDA:4,ConfirmCloseModel
FNDA:1,(anonymous_4)
FNDA:1,(anonymous_5)
DA:1,1
DA:2,1
DA:3,1
DA:4,1
DA:5,1
DA:6,1
DA:7,1
DA:8,1
DA:9,1
DA:28,1
DA:29,10
DA:30,3
DA:31,3
DA:32,3
DA:36,3
DA:37,1
DA:40,3
DA:41,1
DA:42,1
DA:45,3
LF:20
LH:20
BRF:0
BRH:0
end_of_record
TN:
SF:src\components\commons\ui\date-picker-all.tsx
FN:42,(anonymous_3)
FN:49,(anonymous_4)
FN:71,(anonymous_5)
FN:112,(anonymous_6)
FNF:4
FNH:4
FNDA:2,(anonymous_3)
FNDA:2,(anonymous_4)
FNDA:1,(anonymous_5)
FNDA:1,(anonymous_6)
DA:6,1
DA:7,1
DA:9,1
DA:14,1
DA:15,1
DA:16,1
DA:30,1
DA:42,1
DA:43,2
DA:44,2
DA:49,2
DA:50,2
DA:54,2
DA:55,1
DA:71,1
DA:96,1
DA:112,1
DA:129,2
DA:138,1
LF:19
LH:19
BRDA:54,0,0,1
BRDA:54,0,1,1
BRDA:71,1,0,1
BRDA:71,1,1,1
BRDA:83,2,0,0
BRDA:83,2,1,1
BRDA:84,3,0,0
BRDA:84,3,1,1
BRDA:87,4,0,0
BRDA:87,4,1,1
BRDA:90,5,0,0
BRDA:90,5,1,1
BRDA:124,6,0,0
BRDA:124,6,1,1
BRF:14
BRH:9
end_of_record
TN:
SF:src\components\commons\ui\date-picker-css.tsx
FNF:0
FNH:0
DA:1,4
DA:3,4
DA:132,4
LF:3
LH:3
BRF:0
BRH:0
end_of_record
TN:
SF:src\components\commons\ui\date-picker-detail.tsx
FN:32,(anonymous_3)
FN:35,(anonymous_4)
FN:57,(anonymous_5)
FN:91,(anonymous_6)
FNF:4
FNH:4
FNDA:2,(anonymous_3)
FNDA:2,(anonymous_4)
FNDA:1,(anonymous_5)
FNDA:1,(anonymous_6)
DA:4,1
DA:5,1
DA:6,1
DA:10,1
DA:11,1
DA:12,1
DA:21,1
DA:32,1
DA:33,2
DA:34,2
DA:35,2
DA:36,2
DA:40,2
DA:41,1
DA:57,1
DA:75,1
DA:91,1
DA:110,2
DA:119,1
LF:19
LH:19
BRDA:40,0,0,1
BRDA:40,0,1,1
BRF:2
BRH:2
end_of_record
TN:
SF:src\components\commons\ui\date-picker-v2.tsx
FN:37,(anonymous_3)
FN:41,(anonymous_4)
FNF:2
FNH:1
FNDA:3,(anonymous_3)
FNDA:0,(anonymous_4)
DA:4,1
DA:5,1
DA:6,1
DA:11,1
DA:14,1
DA:26,1
DA:37,1
DA:38,3
DA:39,2
DA:40,2
DA:41,2
DA:42,0
DA:46,2
DA:47,1
DA:80,1
DA:115,2
DA:124,1
LF:17
LH:16
BRDA:46,0,0,1
BRDA:46,0,1,1
BRDA:57,1,0,0
BRDA:57,1,1,1
BRDA:90,2,0,0
BRDA:90,2,1,1
BRF:6
BRH:4
end_of_record
TN:
SF:src\components\commons\ui\date-picker.tsx
FN:39,(anonymous_3)
FN:46,(anonymous_4)
FN:68,(anonymous_5)
FN:103,(anonymous_6)
FNF:4
FNH:4
FNDA:2,(anonymous_3)
FNDA:2,(anonymous_4)
FNDA:1,(anonymous_5)
FNDA:1,(anonymous_6)
DA:6,1
DA:7,1
DA:9,1
DA:14,1
DA:15,1
DA:17,1
DA:27,1
DA:39,1
DA:40,2
DA:41,2
DA:46,2
DA:47,2
DA:51,2
DA:52,1
DA:68,1
DA:87,1
DA:103,1
DA:121,2
DA:130,1
LF:19
LH:19
BRDA:51,0,0,1
BRDA:51,0,1,1
BRDA:61,1,0,0
BRDA:61,1,1,1
BRDA:96,2,0,0
BRDA:96,2,1,1
BRF:6
BRH:4
end_of_record
TN:
SF:src\components\commons\ui\dialog-title.tsx
FN:14,(anonymous_4)
FN:30,(anonymous_5)
FNF:2
FNH:2
FNDA:5,(anonymous_4)
FNDA:4,(anonymous_5)
DA:3,2
DA:4,2
DA:5,2
DA:14,2
DA:15,15
DA:17,5
DA:30,4
LF:7
LH:7
BRDA:21,0,0,4
BRDA:21,0,1,1
BRF:2
BRH:2
end_of_record
TN:
SF:src\components\commons\ui\html-tooltip.tsx
FN:6,(anonymous_3)
FN:8,(anonymous_4)
FNF:2
FNH:2
FNDA:1,(anonymous_3)
FNDA:1,(anonymous_4)
DA:1,1
DA:2,1
DA:3,1
DA:6,1
DA:8,1
DA:21,1
LF:6
LH:6
BRF:0
BRH:0
end_of_record
TN:
SF:src\components\commons\ui\loading-modal.tsx
FN:7,LoadingModal
FN:13,(anonymous_3)
FNF:2
FNH:2
FNDA:18,LoadingModal
FNDA:24,(anonymous_3)
DA:2,3
DA:7,3
DA:8,18
DA:10,18
DA:13,24
LF:5
LH:5
BRF:0
BRH:0
end_of_record
TN:
SF:src\components\commons\ui\snackbar-status.tsx
FN:13,SnackbarStatus
FN:21,Alert
FNF:2
FNH:2
FNDA:5,SnackbarStatus
FNDA:4,Alert
DA:1,2
DA:2,2
DA:3,2
DA:13,2
DA:14,5
DA:15,5
DA:16,5
DA:17,5
DA:18,5
DA:20,5
DA:22,4
DA:25,5
LF:12
LH:12
BRDA:32,0,0,3
BRDA:32,0,1,2
BRDA:32,1,0,5
BRDA:32,1,1,3
BRDA:40,2,0,2
BRDA:40,2,1,3
BRF:6
BRH:6
end_of_record
TN:
SF:src\components\commons\ui\steppers.tsx
FN:13,Steppers
FN:18,(anonymous_9)
FN:32,(anonymous_10)
FNF:3
FNH:3
FNDA:4,Steppers
FNDA:2,(anonymous_9)
FNDA:4,(anonymous_10)
DA:1,1
DA:2,1
DA:3,1
DA:4,1
DA:13,4
DA:14,4
DA:16,4
DA:18,4
DA:19,2
DA:21,2
DA:24,4
DA:25,4
DA:32,4
DA:43,1
LF:14
LH:14
BRF:0
BRH:0
end_of_record
TN:
SF:src\components\commons\ui\texbox-search-product.tsx
FN:31,TextBoxSearchProduct
FN:43,(anonymous_23)
FN:46,(anonymous_24)
FN:58,(anonymous_25)
FN:81,(anonymous_26)
FN:81,(anonymous_27)
FN:86,(anonymous_29)
FN:90,(anonymous_32)
FN:91,(anonymous_33)
FN:91,(anonymous_34)
FN:93,(anonymous_36)
FN:128,(anonymous_39)
FN:149,(anonymous_40)
FN:152,(anonymous_41)
FNF:14
FNH:7
FNDA:7,TextBoxSearchProduct
FNDA:0,(anonymous_23)
FNDA:0,(anonymous_24)
FNDA:14,(anonymous_25)
FNDA:0,(anonymous_26)
FNDA:0,(anonymous_27)
FNDA:0,(anonymous_29)
FNDA:0,(anonymous_32)
FNDA:1,(anonymous_33)
FNDA:1,(anonymous_34)
FNDA:2,(anonymous_36)
FNDA:5,(anonymous_39)
FNDA:21,(anonymous_40)
FNDA:0,(anonymous_41)
DA:1,1
DA:8,1
DA:13,1
DA:14,1
DA:15,1
DA:20,1
DA:22,1
DA:31,7
DA:32,7
DA:33,7
DA:34,7
DA:35,7
DA:36,7
DA:38,7
DA:39,7
DA:40,7
DA:41,7
DA:42,7
DA:43,0
DA:46,7
DA:47,0
DA:58,7
DA:59,14
DA:81,7
DA:82,0
DA:83,0
DA:86,7
DA:90,7
DA:91,7
DA:92,1
DA:93,1
DA:94,1
DA:95,0
DA:98,1
DA:99,1
DA:100,1
DA:101,1
DA:103,1
DA:108,1
DA:109,0
DA:110,0
DA:111,0
DA:112,0
DA:114,0
DA:117,0
DA:119,0
DA:122,0
DA:125,1
DA:128,7
DA:129,5
DA:130,1
DA:134,7
DA:150,21
DA:153,0
DA:163,1
LF:55
LH:41
BRDA:41,0,0,1
BRDA:41,0,1,6
BRDA:41,1,0,0
BRDA:41,1,1,1
BRDA:41,2,0,1
BRDA:41,2,1,1
BRDA:68,3,0,2
BRDA:68,3,1,12
BRDA:92,4,0,1
BRDA:92,4,1,0
BRDA:92,5,0,1
BRDA:92,5,1,1
BRDA:94,6,0,0
BRDA:94,6,1,1
BRDA:94,7,0,1
BRDA:94,7,1,1
BRDA:94,7,2,0
BRDA:99,8,0,0
BRDA:99,8,1,1
BRDA:99,9,0,1
BRDA:99,9,1,1
BRDA:109,10,0,0
BRDA:109,10,1,0
BRDA:110,11,0,0
BRDA:110,11,1,0
BRDA:129,12,0,1
BRDA:129,12,1,4
BRDA:150,13,0,0
BRDA:150,13,1,21
BRF:29
BRH:19
end_of_record
TN:
SF:src\components\commons\ui\textbox-comment.tsx
FN:17,TextBoxComment
FN:32,(anonymous_10)
FN:37,(anonymous_11)
FNF:3
FNH:3
FNDA:9,TextBoxComment
FNDA:4,(anonymous_10)
FNDA:1,(anonymous_11)
DA:1,2
DA:2,2
DA:3,2
DA:4,2
DA:18,9
DA:19,8
DA:20,8
DA:21,8
DA:22,8
DA:23,8
DA:24,8
DA:25,8
DA:26,8
DA:28,8
DA:29,8
DA:32,8
DA:33,4
DA:34,2
DA:37,8
DA:38,1
DA:39,1
DA:40,1
DA:41,1
DA:44,1
DA:47,8
DA:88,2
LF:26
LH:26
BRDA:21,0,0,8
BRDA:21,0,1,0
BRDA:33,1,0,2
BRDA:33,1,1,2
BRDA:33,2,0,4
BRDA:33,2,1,2
BRDA:40,3,0,1
BRDA:40,3,1,0
BRDA:58,4,0,6
BRDA:58,4,1,2
BRDA:66,5,0,0
BRDA:66,5,1,8
BRF:12
BRH:9
end_of_record
TN:
SF:src\components\dc-check-orders\modal-confirm.tsx
FN:30,ModelConfirm
FN:74,(anonymous_4)
FNF:2
FNH:2
FNDA:4,ModelConfirm
FNDA:1,(anonymous_4)
DA:2,1
DA:3,1
DA:4,1
DA:5,1
DA:6,1
DA:7,1
DA:30,1
DA:31,4
DA:32,3
DA:33,3
DA:34,3
DA:35,3
DA:36,3
DA:37,3
DA:38,3
DA:39,3
DA:74,3
DA:75,1
DA:76,1
DA:79,3
LF:20
LH:20
BRF:0
BRH:0
end_of_record
